# JRE version: OpenJDK Runtime Environment Temurin-21.0.11+10 (21.0.11+10) (build 21.0.11+10-LTS)
# Java VM: OpenJDK 64-Bit Server VM Temurin-21.0.11+10 (21.0.11+10-LTS, mixed mode, sharing, tiered, compressed oops, compressed class ptrs, parallel gc, windows-amd64)
GC Precious Log:
 CardTable entry size: 512
 CPUs: 8 total, 8 available
 Memory: 7936M
 Large Page Support: Disabled
 NUMA Support: Disabled
 Compressed Oops: Enabled (32-bit)
 Alignments: Space 512K, Generation 512K, Heap 2M
 Heap Min Capacity: 100M
 Heap Initial Capacity: 100M
 Heap Max Capacity: 2G
 Pre-touch: Disabled
 Parallel Workers: 8
Heap:
 PSYoungGen      total 11776K, used 870K [0x00000000d5580000, 0x00000000d6280000, 0x0000000100000000)
  eden space 11264K, 4% used [0x00000000d5580000,0x00000000d55f5600,0x00000000d6080000)
  from space 512K, 94% used [0x00000000d6180000,0x00000000d61f8d98,0x00000000d6200000)
  to   space 1024K, 0% used [0x00000000d6080000,0x00000000d6080000,0x00000000d6180000)
 ParOldGen       total 676864K, used 676564K [0x0000000080000000, 0x00000000a9500000, 0x00000000d5580000)
  object space 676864K, 99% used [0x0000000080000000,0x00000000a94b5190,0x00000000a9500000)
 Metaspace       used 64479K, committed 66112K, reserved 1114112K
  class space    used 6854K, committed 7488K, reserved 1048576K
GC Heap History (20 events):
Event: 68.346 GC heap before
{Heap before GC invocations=886 (full 3):
 PSYoungGen      total 8192K, used 8091K [0x00000000d5580000, 0x00000000d5e80000, 0x0000000100000000)
  eden space 7680K, 100% used [0x00000000d5580000,0x00000000d5d00000,0x00000000d5d00000)
  from space 512K, 80% used [0x00000000d5e00000,0x00000000d5e66f18,0x00000000d5e80000)
  to   space 512K, 0% used [0x00000000d5d80000,0x00000000d5d80000,0x00000000d5e00000)
 ParOldGen       total 673792K, used 673610K [0x0000000080000000, 0x00000000a9200000, 0x00000000d5580000)
  object space 673792K, 99% used [0x0000000080000000,0x00000000a91d2818,0x00000000a9200000)
 Metaspace       used 64040K, committed 65600K, reserved 1114112K
  class space    used 6807K, committed 7424K, reserved 1048576K
}
Event: 68.351 GC heap after
{Heap after GC invocations=886 (full 3):
 PSYoungGen      total 8192K, used 384K [0x00000000d5580000, 0x00000000d5e80000, 0x0000000100000000)
  eden space 7680K, 0% used [0x00000000d5580000,0x00000000d5580000,0x00000000d5d00000)
  from space 512K, 75% used [0x00000000d5d80000,0x00000000d5de0000,0x00000000d5e00000)
  to   space 512K, 0% used [0x00000000d5e00000,0x00000000d5e00000,0x00000000d5e80000)
 ParOldGen       total 674304K, used 673930K [0x0000000080000000, 0x00000000a9280000, 0x00000000d5580000)
  object space 674304K, 99% used [0x0000000080000000,0x00000000a9222bc8,0x00000000a9280000)
 Metaspace       used 64040K, committed 65600K, reserved 1114112K
  class space    used 6807K, committed 7424K, reserved 1048576K
}
Event: 68.371 GC heap before
{Heap before GC invocations=887 (full 3):
 PSYoungGen      total 8192K, used 8064K [0x00000000d5580000, 0x00000000d5e80000, 0x0000000100000000)
  eden space 7680K, 100% used [0x00000000d5580000,0x00000000d5d00000,0x00000000d5d00000)
  from space 512K, 75% used [0x00000000d5d80000,0x00000000d5de0000,0x00000000d5e00000)
  to   space 512K, 0% used [0x00000000d5e00000,0x00000000d5e00000,0x00000000d5e80000)
 ParOldGen       total 674304K, used 673930K [0x0000000080000000, 0x00000000a9280000, 0x00000000d5580000)
  object space 674304K, 99% used [0x0000000080000000,0x00000000a9222bc8,0x00000000a9280000)
 Metaspace       used 64040K, committed 65600K, reserved 1114112K
  class space    used 6807K, committed 7424K, reserved 1048576K
}
Event: 68.376 GC heap after
{Heap after GC invocations=887 (full 3):
 PSYoungGen      total 8192K, used 486K [0x00000000d5580000, 0x00000000d5e80000, 0x0000000100000000)
  eden space 7680K, 0% used [0x00000000d5580000,0x00000000d5580000,0x00000000d5d00000)
  from space 512K, 94% used [0x00000000d5e00000,0x00000000d5e79850,0x00000000d5e80000)
  to   space 512K, 0% used [0x00000000d5d80000,0x00000000d5d80000,0x00000000d5e00000)
 ParOldGen       total 674304K, used 674106K [0x0000000080000000, 0x00000000a9280000, 0x00000000d5580000)
  object space 674304K, 99% used [0x0000000080000000,0x00000000a924ebc8,0x00000000a9280000)
 Metaspace       used 64040K, committed 65600K, reserved 1114112K
  class space    used 6807K, committed 7424K, reserved 1048576K
}
Event: 68.420 GC heap before
{Heap before GC invocations=888 (full 3):
 PSYoungGen      total 8192K, used 8166K [0x00000000d5580000, 0x00000000d5e80000, 0x0000000100000000)
  eden space 7680K, 100% used [0x00000000d5580000,0x00000000d5d00000,0x00000000d5d00000)
  from space 512K, 94% used [0x00000000d5e00000,0x00000000d5e79850,0x00000000d5e80000)
  to   space 512K, 0% used [0x00000000d5d80000,0x00000000d5d80000,0x00000000d5e00000)
 ParOldGen       total 674304K, used 674106K [0x0000000080000000, 0x00000000a9280000, 0x00000000d5580000)
  object space 674304K, 99% used [0x0000000080000000,0x00000000a924ebc8,0x00000000a9280000)
 Metaspace       used 64056K, committed 65664K, reserved 1114112K
  class space    used 6809K, committed 7424K, reserved 1048576K
}
Event: 68.425 GC heap after
{Heap after GC invocations=888 (full 3):
 PSYoungGen      total 8192K, used 480K [0x00000000d5580000, 0x00000000d5f00000, 0x0000000100000000)
  eden space 7680K, 0% used [0x00000000d5580000,0x00000000d5580000,0x00000000d5d00000)
  from space 512K, 93% used [0x00000000d5d80000,0x00000000d5df82a8,0x00000000d5e00000)
  to   space 1024K, 0% used [0x00000000d5e00000,0x00000000d5e00000,0x00000000d5f00000)
 ParOldGen       total 674816K, used 674511K [0x0000000080000000, 0x00000000a9300000, 0x00000000d5580000)
  object space 674816K, 99% used [0x0000000080000000,0x00000000a92b3c70,0x00000000a9300000)
 Metaspace       used 64056K, committed 65664K, reserved 1114112K
  class space    used 6809K, committed 7424K, reserved 1048576K
}
Event: 68.438 GC heap before
{Heap before GC invocations=889 (full 3):
 PSYoungGen      total 8192K, used 8160K [0x00000000d5580000, 0x00000000d5f00000, 0x0000000100000000)
  eden space 7680K, 100% used [0x00000000d5580000,0x00000000d5d00000,0x00000000d5d00000)
  from space 512K, 93% used [0x00000000d5d80000,0x00000000d5df82a8,0x00000000d5e00000)
  to   space 1024K, 0% used [0x00000000d5e00000,0x00000000d5e00000,0x00000000d5f00000)
 ParOldGen       total 674816K, used 674511K [0x0000000080000000, 0x00000000a9300000, 0x00000000d5580000)
  object space 674816K, 99% used [0x0000000080000000,0x00000000a92b3c70,0x00000000a9300000)
 Metaspace       used 64083K, committed 65664K, reserved 1114112K
  class space    used 6813K, committed 7424K, reserved 1048576K
}
Event: 68.444 GC heap after
{Heap after GC invocations=889 (full 3):
 PSYoungGen      total 8704K, used 320K [0x00000000d5580000, 0x00000000d5f00000, 0x0000000100000000)
  eden space 7680K, 0% used [0x00000000d5580000,0x00000000d5580000,0x00000000d5d00000)
  from space 1024K, 31% used [0x00000000d5e00000,0x00000000d5e50000,0x00000000d5f00000)
  to   space 1024K, 0% used [0x00000000d5d00000,0x00000000d5d00000,0x00000000d5e00000)
 ParOldGen       total 675328K, used 674940K [0x0000000080000000, 0x00000000a9380000, 0x00000000d5580000)
  object space 675328K, 99% used [0x0000000080000000,0x00000000a931f348,0x00000000a9380000)
 Metaspace       used 64083K, committed 65664K, reserved 1114112K
  class space    used 6813K, committed 7424K, reserved 1048576K
}
Event: 68.466 GC heap before
{Heap before GC invocations=890 (full 3):
 PSYoungGen      total 8704K, used 8000K [0x00000000d5580000, 0x00000000d5f00000, 0x0000000100000000)
  eden space 7680K, 100% used [0x00000000d5580000,0x00000000d5d00000,0x00000000d5d00000)
  from space 1024K, 31% used [0x00000000d5e00000,0x00000000d5e50000,0x00000000d5f00000)
  to   space 1024K, 0% used [0x00000000d5d00000,0x00000000d5d00000,0x00000000d5e00000)
 ParOldGen       total 675328K, used 674940K [0x0000000080000000, 0x00000000a9380000, 0x00000000d5580000)
  object space 675328K, 99% used [0x0000000080000000,0x00000000a931f348,0x00000000a9380000)
 Metaspace       used 64093K, committed 65664K, reserved 1114112K
  class space    used 6814K, committed 7424K, reserved 1048576K
}
Event: 68.486 GC heap after
{Heap after GC invocations=890 (full 3):
 PSYoungGen      total 8704K, used 373K [0x00000000d5580000, 0x00000000d5f80000, 0x0000000100000000)
  eden space 7680K, 0% used [0x00000000d5580000,0x00000000d5580000,0x00000000d5d00000)
  from space 1024K, 36% used [0x00000000d5d00000,0x00000000d5d5d610,0x00000000d5e00000)
  to   space 512K, 0% used [0x00000000d5f00000,0x00000000d5f00000,0x00000000d5f80000)
 ParOldGen       total 675328K, used 675108K [0x0000000080000000, 0x00000000a9380000, 0x00000000d5580000)
  object space 675328K, 99% used [0x0000000080000000,0x00000000a9349348,0x00000000a9380000)
 Metaspace       used 64093K, committed 65664K, reserved 1114112K
  class space    used 6814K, committed 7424K, reserved 1048576K
}
Event: 68.503 GC heap before
{Heap before GC invocations=891 (full 3):
 PSYoungGen      total 8704K, used 8053K [0x00000000d5580000, 0x00000000d5f80000, 0x0000000100000000)
  eden space 7680K, 100% used [0x00000000d5580000,0x00000000d5d00000,0x00000000d5d00000)
  from space 1024K, 36% used [0x00000000d5d00000,0x00000000d5d5d610,0x00000000d5e00000)
  to   space 512K, 0% used [0x00000000d5f00000,0x00000000d5f00000,0x00000000d5f80000)
 ParOldGen       total 675328K, used 675108K [0x0000000080000000, 0x00000000a9380000, 0x00000000d5580000)
  object space 675328K, 99% used [0x0000000080000000,0x00000000a9349348,0x00000000a9380000)
 Metaspace       used 64125K, committed 65728K, reserved 1114112K
  class space    used 6818K, committed 7424K, reserved 1048576K
}
Event: 68.508 GC heap after
{Heap after GC invocations=891 (full 3):
 PSYoungGen      total 9728K, used 354K [0x00000000d5580000, 0x00000000d5f80000, 0x0000000100000000)
  eden space 9216K, 0% used [0x00000000d5580000,0x00000000d5580000,0x00000000d5e80000)
  from space 512K, 69% used [0x00000000d5f00000,0x00000000d5f589e0,0x00000000d5f80000)
  to   space 512K, 0% used [0x00000000d5e80000,0x00000000d5e80000,0x00000000d5f00000)
 ParOldGen       total 675328K, used 675319K [0x0000000080000000, 0x00000000a9380000, 0x00000000d5580000)
  object space 675328K, 99% used [0x0000000080000000,0x00000000a937dfa0,0x00000000a9380000)
 Metaspace       used 64125K, committed 65728K, reserved 1114112K
  class space    used 6818K, committed 7424K, reserved 1048576K
}
Event: 68.522 GC heap before
{Heap before GC invocations=892 (full 3):
 PSYoungGen      total 9728K, used 9570K [0x00000000d5580000, 0x00000000d5f80000, 0x0000000100000000)
  eden space 9216K, 100% used [0x00000000d5580000,0x00000000d5e80000,0x00000000d5e80000)
  from space 512K, 69% used [0x00000000d5f00000,0x00000000d5f589e0,0x00000000d5f80000)
  to   space 512K, 0% used [0x00000000d5e80000,0x00000000d5e80000,0x00000000d5f00000)
 ParOldGen       total 675328K, used 675319K [0x0000000080000000, 0x00000000a9380000, 0x00000000d5580000)
  object space 675328K, 99% used [0x0000000080000000,0x00000000a937dfa0,0x00000000a9380000)
 Metaspace       used 64129K, committed 65728K, reserved 1114112K
  class space    used 6819K, committed 7424K, reserved 1048576K
}
Event: 68.528 GC heap after
{Heap after GC invocations=892 (full 3):
 PSYoungGen      total 9728K, used 489K [0x00000000d5580000, 0x00000000d6280000, 0x0000000100000000)
  eden space 9216K, 0% used [0x00000000d5580000,0x00000000d5580000,0x00000000d5e80000)
  from space 512K, 95% used [0x00000000d5e80000,0x00000000d5efa6b8,0x00000000d5f00000)
  to   space 1024K, 0% used [0x00000000d6180000,0x00000000d6180000,0x00000000d6280000)
 ParOldGen       total 675840K, used 675486K [0x0000000080000000, 0x00000000a9400000, 0x00000000d5580000)
  object space 675840K, 99% used [0x0000000080000000,0x00000000a93a7b50,0x00000000a9400000)
 Metaspace       used 64129K, committed 65728K, reserved 1114112K
  class space    used 6819K, committed 7424K, reserved 1048576K
}
Event: 68.546 GC heap before
{Heap before GC invocations=893 (full 3):
 PSYoungGen      total 9728K, used 9705K [0x00000000d5580000, 0x00000000d6280000, 0x0000000100000000)
  eden space 9216K, 100% used [0x00000000d5580000,0x00000000d5e80000,0x00000000d5e80000)
  from space 512K, 95% used [0x00000000d5e80000,0x00000000d5efa6b8,0x00000000d5f00000)
  to   space 1024K, 0% used [0x00000000d6180000,0x00000000d6180000,0x00000000d6280000)
 ParOldGen       total 675840K, used 675486K [0x0000000080000000, 0x00000000a9400000, 0x00000000d5580000)
  object space 675840K, 99% used [0x0000000080000000,0x00000000a93a7b50,0x00000000a9400000)
 Metaspace       used 64183K, committed 65728K, reserved 1114112K
  class space    used 6825K, committed 7424K, reserved 1048576K
}
Event: 68.549 GC heap after
{Heap after GC invocations=893 (full 3):
 PSYoungGen      total 11776K, used 418K [0x00000000d5580000, 0x00000000d6200000, 0x0000000100000000)
  eden space 11264K, 0% used [0x00000000d5580000,0x00000000d5580000,0x00000000d6080000)
  from space 512K, 81% used [0x00000000d6180000,0x00000000d61e89d0,0x00000000d6200000)
  to   space 512K, 0% used [0x00000000d6100000,0x00000000d6100000,0x00000000d6180000)
 ParOldGen       total 676352K, used 675882K [0x0000000080000000, 0x00000000a9480000, 0x00000000d5580000)
  object space 676352K, 99% used [0x0000000080000000,0x00000000a940a860,0x00000000a9480000)
 Metaspace       used 64183K, committed 65728K, reserved 1114112K
  class space    used 6825K, committed 7424K, reserved 1048576K
}
Event: 68.570 GC heap before
{Heap before GC invocations=894 (full 3):
 PSYoungGen      total 11776K, used 11682K [0x00000000d5580000, 0x00000000d6200000, 0x0000000100000000)
  eden space 11264K, 100% used [0x00000000d5580000,0x00000000d6080000,0x00000000d6080000)
  from space 512K, 81% used [0x00000000d6180000,0x00000000d61e89d0,0x00000000d6200000)
  to   space 512K, 0% used [0x00000000d6100000,0x00000000d6100000,0x00000000d6180000)
 ParOldGen       total 676352K, used 675882K [0x0000000080000000, 0x00000000a9480000, 0x00000000d5580000)
  object space 676352K, 99% used [0x0000000080000000,0x00000000a940a860,0x00000000a9480000)
 Metaspace       used 64248K, committed 65792K, reserved 1114112K
  class space    used 6826K, committed 7424K, reserved 1048576K
}
Event: 68.573 GC heap after
{Heap after GC invocations=894 (full 3):
 PSYoungGen      total 11776K, used 352K [0x00000000d5580000, 0x00000000d6200000, 0x0000000100000000)
  eden space 11264K, 0% used [0x00000000d5580000,0x00000000d5580000,0x00000000d6080000)
  from space 512K, 68% used [0x00000000d6100000,0x00000000d6158000,0x00000000d6180000)
  to   space 512K, 0% used [0x00000000d6180000,0x00000000d6180000,0x00000000d6200000)
 ParOldGen       total 676352K, used 675980K [0x0000000080000000, 0x00000000a9480000, 0x00000000d5580000)
  object space 676352K, 99% used [0x0000000080000000,0x00000000a9423240,0x00000000a9480000)
 Metaspace       used 64248K, committed 65792K, reserved 1114112K
  class space    used 6826K, committed 7424K, reserved 1048576K
}
Event: 68.599 GC heap before
{Heap before GC invocations=895 (full 3):
 PSYoungGen      total 11776K, used 11610K [0x00000000d5580000, 0x00000000d6200000, 0x0000000100000000)
  eden space 11264K, 99% used [0x00000000d5580000,0x00000000d607eb38,0x00000000d6080000)
  from space 512K, 68% used [0x00000000d6100000,0x00000000d6158000,0x00000000d6180000)
  to   space 512K, 0% used [0x00000000d6180000,0x00000000d6180000,0x00000000d6200000)
 ParOldGen       total 676352K, used 675980K [0x0000000080000000, 0x00000000a9480000, 0x00000000d5580000)
  object space 676352K, 99% used [0x0000000080000000,0x00000000a9423240,0x00000000a9480000)
 Metaspace       used 64292K, committed 65856K, reserved 1114112K
  class space    used 6830K, committed 7424K, reserved 1048576K
}
Event: 68.603 GC heap after
{Heap after GC invocations=895 (full 3):
 PSYoungGen      total 11776K, used 417K [0x00000000d5580000, 0x00000000d6200000, 0x0000000100000000)
  eden space 11264K, 0% used [0x00000000d5580000,0x00000000d5580000,0x00000000d6080000)
  from space 512K, 81% used [0x00000000d6180000,0x00000000d61e8630,0x00000000d6200000)
  to   space 512K, 0% used [0x00000000d6100000,0x00000000d6100000,0x00000000d6180000)
 ParOldGen       total 676352K, used 676140K [0x0000000080000000, 0x00000000a9480000, 0x00000000d5580000)
  object space 676352K, 99% used [0x0000000080000000,0x00000000a944b240,0x00000000a9480000)
 Metaspace       used 64292K, committed 65856K, reserved 1114112K
  class space    used 6830K, committed 7424K, reserved 1048576K
}

