# JRE version: OpenJDK Runtime Environment Temurin-21.0.11+10 (21.0.11+10) (build 21.0.11+10-LTS)
# Java VM: OpenJDK 64-Bit Server VM Temurin-21.0.11+10 (21.0.11+10-LTS, mixed mode, sharing, tiered, compressed oops, compressed class ptrs, parallel gc, windows-amd64)
GC Precious Log:
 CardTable entry size: 512
 CPUs: 8 total, 8 available
 Memory: 7936M
 Large Page Support: Disabled
 NUMA Support: Disabled
 Compressed Oops: Enabled (32-bit)
 Alignments: Space 512K, Generation 512K, Heap 2M
 Heap Min Capacity: 100M
 Heap Initial Capacity: 100M
 Heap Max Capacity: 2G
 Pre-touch: Disabled
 Parallel Workers: 8
Heap:
 PSYoungGen      total 6144K, used 5844K [0x00000000d5580000, 0x00000000d5e80000, 0x0000000100000000)
  eden space 3072K, 100% used [0x00000000d5580000,0x00000000d5880000,0x00000000d5880000)
  from space 3072K, 90% used [0x00000000d5b80000,0x00000000d5e35388,0x00000000d5e80000)
  to   space 3072K, 33% used [0x00000000d5880000,0x00000000d597f658,0x00000000d5b80000)
 ParOldGen       total 654336K, used 654331K [0x0000000080000000, 0x00000000a7f00000, 0x00000000d5580000)
  object space 654336K, 99% used [0x0000000080000000,0x00000000a7efef60,0x00000000a7f00000)
 Metaspace       used 74518K, committed 76224K, reserved 1179648K
  class space    used 7799K, committed 8512K, reserved 1048576K
GC Heap History (20 events):
Event: 159.291 GC heap before
{Heap before GC invocations=302 (full 3):
 PSYoungGen      total 2048K, used 1565K [0x00000000d5580000, 0x00000000d5900000, 0x0000000100000000)
  eden space 1024K, 99% used [0x00000000d5580000,0x00000000d567fed0,0x00000000d5680000)
  from space 1024K, 52% used [0x00000000d5800000,0x00000000d5887698,0x00000000d5900000)
  to   space 1024K, 0% used [0x00000000d5700000,0x00000000d5700000,0x00000000d5800000)
 ParOldGen       total 585216K, used 585082K [0x0000000080000000, 0x00000000a3b80000, 0x00000000d5580000)
  object space 585216K, 99% used [0x0000000080000000,0x00000000a3b5ea58,0x00000000a3b80000)
 Metaspace       used 74423K, committed 76160K, reserved 1179648K
  class space    used 7793K, committed 8512K, reserved 1048576K
}
Event: 159.292 GC heap after
{Heap after GC invocations=302 (full 3):
 PSYoungGen      total 2560K, used 352K [0x00000000d5580000, 0x00000000d5880000, 0x0000000100000000)
  eden space 1536K, 0% used [0x00000000d5580000,0x00000000d5580000,0x00000000d5700000)
  from space 1024K, 34% used [0x00000000d5700000,0x00000000d5758000,0x00000000d5800000)
  to   space 512K, 0% used [0x00000000d5800000,0x00000000d5800000,0x00000000d5880000)
 ParOldGen       total 585728K, used 585465K [0x0000000080000000, 0x00000000a3c00000, 0x00000000d5580000)
  object space 585728K, 99% used [0x0000000080000000,0x00000000a3bbe5b8,0x00000000a3c00000)
 Metaspace       used 74423K, committed 76160K, reserved 1179648K
  class space    used 7793K, committed 8512K, reserved 1048576K
}
Event: 159.295 GC heap before
{Heap before GC invocations=303 (full 3):
 PSYoungGen      total 2560K, used 1888K [0x00000000d5580000, 0x00000000d5880000, 0x0000000100000000)
  eden space 1536K, 100% used [0x00000000d5580000,0x00000000d5700000,0x00000000d5700000)
  from space 1024K, 34% used [0x00000000d5700000,0x00000000d5758000,0x00000000d5800000)
  to   space 512K, 0% used [0x00000000d5800000,0x00000000d5800000,0x00000000d5880000)
 ParOldGen       total 585728K, used 585465K [0x0000000080000000, 0x00000000a3c00000, 0x00000000d5580000)
  object space 585728K, 99% used [0x0000000080000000,0x00000000a3bbe5b8,0x00000000a3c00000)
 Metaspace       used 74423K, committed 76160K, reserved 1179648K
  class space    used 7793K, committed 8512K, reserved 1048576K
}
Event: 159.296 GC heap after
{Heap after GC invocations=303 (full 3):
 PSYoungGen      total 2560K, used 398K [0x00000000d5580000, 0x00000000d5880000, 0x0000000100000000)
  eden space 2048K, 0% used [0x00000000d5580000,0x00000000d5580000,0x00000000d5780000)
  from space 512K, 77% used [0x00000000d5800000,0x00000000d5863ae0,0x00000000d5880000)
  to   space 512K, 0% used [0x00000000d5780000,0x00000000d5780000,0x00000000d5800000)
 ParOldGen       total 586240K, used 586075K [0x0000000080000000, 0x00000000a3c80000, 0x00000000d5580000)
  object space 586240K, 99% used [0x0000000080000000,0x00000000a3c56f88,0x00000000a3c80000)
 Metaspace       used 74423K, committed 76160K, reserved 1179648K
  class space    used 7793K, committed 8512K, reserved 1048576K
}
Event: 159.301 GC heap before
{Heap before GC invocations=304 (full 3):
 PSYoungGen      total 2560K, used 2446K [0x00000000d5580000, 0x00000000d5880000, 0x0000000100000000)
  eden space 2048K, 100% used [0x00000000d5580000,0x00000000d5780000,0x00000000d5780000)
  from space 512K, 77% used [0x00000000d5800000,0x00000000d5863ae0,0x00000000d5880000)
  to   space 512K, 0% used [0x00000000d5780000,0x00000000d5780000,0x00000000d5800000)
 ParOldGen       total 586240K, used 586075K [0x0000000080000000, 0x00000000a3c80000, 0x00000000d5580000)
  object space 586240K, 99% used [0x0000000080000000,0x00000000a3c56f88,0x00000000a3c80000)
 Metaspace       used 74426K, committed 76160K, reserved 1179648K
  class space    used 7793K, committed 8512K, reserved 1048576K
}
Event: 159.302 GC heap after
{Heap after GC invocations=304 (full 3):
 PSYoungGen      total 2560K, used 511K [0x00000000d5580000, 0x00000000d5b00000, 0x0000000100000000)
  eden space 2048K, 0% used [0x00000000d5580000,0x00000000d5580000,0x00000000d5780000)
  from space 512K, 99% used [0x00000000d5780000,0x00000000d57ffd90,0x00000000d5800000)
  to   space 1536K, 0% used [0x00000000d5980000,0x00000000d5980000,0x00000000d5b00000)
 ParOldGen       total 587264K, used 586777K [0x0000000080000000, 0x00000000a3d80000, 0x00000000d5580000)
  object space 587264K, 99% used [0x0000000080000000,0x00000000a3d06420,0x00000000a3d80000)
 Metaspace       used 74426K, committed 76160K, reserved 1179648K
  class space    used 7793K, committed 8512K, reserved 1048576K
}
Event: 159.312 GC heap before
{Heap before GC invocations=305 (full 3):
 PSYoungGen      total 2560K, used 2559K [0x00000000d5580000, 0x00000000d5b00000, 0x0000000100000000)
  eden space 2048K, 100% used [0x00000000d5580000,0x00000000d5780000,0x00000000d5780000)
  from space 512K, 99% used [0x00000000d5780000,0x00000000d57ffd90,0x00000000d5800000)
  to   space 1536K, 0% used [0x00000000d5980000,0x00000000d5980000,0x00000000d5b00000)
 ParOldGen       total 587264K, used 586777K [0x0000000080000000, 0x00000000a3d80000, 0x00000000d5580000)
  object space 587264K, 99% used [0x0000000080000000,0x00000000a3d06420,0x00000000a3d80000)
 Metaspace       used 74429K, committed 76160K, reserved 1179648K
  class space    used 7793K, committed 8512K, reserved 1048576K
}
Event: 159.314 GC heap after
{Heap after GC invocations=305 (full 3):
 PSYoungGen      total 3584K, used 831K [0x00000000d5580000, 0x00000000d5a80000, 0x0000000100000000)
  eden space 2560K, 0% used [0x00000000d5580000,0x00000000d5580000,0x00000000d5800000)
  from space 1024K, 81% used [0x00000000d5980000,0x00000000d5a4fff0,0x00000000d5a80000)
  to   space 1024K, 0% used [0x00000000d5880000,0x00000000d5880000,0x00000000d5980000)
 ParOldGen       total 587776K, used 587299K [0x0000000080000000, 0x00000000a3e00000, 0x00000000d5580000)
  object space 587776K, 99% used [0x0000000080000000,0x00000000a3d88f70,0x00000000a3e00000)
 Metaspace       used 74429K, committed 76160K, reserved 1179648K
  class space    used 7793K, committed 8512K, reserved 1048576K
}
Event: 159.319 GC heap before
{Heap before GC invocations=306 (full 3):
 PSYoungGen      total 3584K, used 3391K [0x00000000d5580000, 0x00000000d5a80000, 0x0000000100000000)
  eden space 2560K, 100% used [0x00000000d5580000,0x00000000d5800000,0x00000000d5800000)
  from space 1024K, 81% used [0x00000000d5980000,0x00000000d5a4fff0,0x00000000d5a80000)
  to   space 1024K, 0% used [0x00000000d5880000,0x00000000d5880000,0x00000000d5980000)
 ParOldGen       total 587776K, used 587299K [0x0000000080000000, 0x00000000a3e00000, 0x00000000d5580000)
  object space 587776K, 99% used [0x0000000080000000,0x00000000a3d88f70,0x00000000a3e00000)
 Metaspace       used 74437K, committed 76160K, reserved 1179648K
  class space    used 7793K, committed 8512K, reserved 1048576K
}
Event: 159.322 GC heap after
{Heap after GC invocations=306 (full 3):
 PSYoungGen      total 4096K, used 704K [0x00000000d5580000, 0x00000000d5a80000, 0x0000000100000000)
  eden space 3072K, 0% used [0x00000000d5580000,0x00000000d5580000,0x00000000d5880000)
  from space 1024K, 68% used [0x00000000d5880000,0x00000000d5930000,0x00000000d5980000)
  to   space 1024K, 0% used [0x00000000d5980000,0x00000000d5980000,0x00000000d5a80000)
 ParOldGen       total 588288K, used 588013K [0x0000000080000000, 0x00000000a3e80000, 0x00000000d5580000)
  object space 588288K, 99% used [0x0000000080000000,0x00000000a3e3b660,0x00000000a3e80000)
 Metaspace       used 74437K, committed 76160K, reserved 1179648K
  class space    used 7793K, committed 8512K, reserved 1048576K
}
Event: 159.366 GC heap before
{Heap before GC invocations=307 (full 3):
 PSYoungGen      total 4096K, used 3776K [0x00000000d5580000, 0x00000000d5a80000, 0x0000000100000000)
  eden space 3072K, 100% used [0x00000000d5580000,0x00000000d5880000,0x00000000d5880000)
  from space 1024K, 68% used [0x00000000d5880000,0x00000000d5930000,0x00000000d5980000)
  to   space 1024K, 0% used [0x00000000d5980000,0x00000000d5980000,0x00000000d5a80000)
 ParOldGen       total 588288K, used 588013K [0x0000000080000000, 0x00000000a3e80000, 0x00000000d5580000)
  object space 588288K, 99% used [0x0000000080000000,0x00000000a3e3b660,0x00000000a3e80000)
 Metaspace       used 74460K, committed 76160K, reserved 1179648K
  class space    used 7793K, committed 8512K, reserved 1048576K
}
Event: 159.368 GC heap after
{Heap after GC invocations=307 (full 3):
 PSYoungGen      total 4096K, used 512K [0x00000000d5580000, 0x00000000d5b80000, 0x0000000100000000)
  eden space 3072K, 0% used [0x00000000d5580000,0x00000000d5580000,0x00000000d5880000)
  from space 1024K, 50% used [0x00000000d5980000,0x00000000d5a00000,0x00000000d5a80000)
  to   space 1024K, 0% used [0x00000000d5880000,0x00000000d5880000,0x00000000d5980000)
 ParOldGen       total 588800K, used 588533K [0x0000000080000000, 0x00000000a3f00000, 0x00000000d5580000)
  object space 588800K, 99% used [0x0000000080000000,0x00000000a3ebd660,0x00000000a3f00000)
 Metaspace       used 74460K, committed 76160K, reserved 1179648K
  class space    used 7793K, committed 8512K, reserved 1048576K
}
Event: 159.466 GC heap before
{Heap before GC invocations=308 (full 3):
 PSYoungGen      total 4096K, used 3584K [0x00000000d5580000, 0x00000000d5b80000, 0x0000000100000000)
  eden space 3072K, 100% used [0x00000000d5580000,0x00000000d5880000,0x00000000d5880000)
  from space 1024K, 50% used [0x00000000d5980000,0x00000000d5a00000,0x00000000d5a80000)
  to   space 1024K, 0% used [0x00000000d5880000,0x00000000d5880000,0x00000000d5980000)
 ParOldGen       total 588800K, used 588533K [0x0000000080000000, 0x00000000a3f00000, 0x00000000d5580000)
  object space 588800K, 99% used [0x0000000080000000,0x00000000a3ebd660,0x00000000a3f00000)
 Metaspace       used 74506K, committed 76224K, reserved 1179648K
  class space    used 7799K, committed 8512K, reserved 1048576K
}
Event: 159.468 GC heap after
{Heap after GC invocations=308 (full 3):
 PSYoungGen      total 4096K, used 800K [0x00000000d5580000, 0x00000000d5a80000, 0x0000000100000000)
  eden space 3072K, 0% used [0x00000000d5580000,0x00000000d5580000,0x00000000d5880000)
  from space 1024K, 78% used [0x00000000d5880000,0x00000000d5948000,0x00000000d5980000)
  to   space 1024K, 0% used [0x00000000d5980000,0x00000000d5980000,0x00000000d5a80000)
 ParOldGen       total 589312K, used 588941K [0x0000000080000000, 0x00000000a3f80000, 0x00000000d5580000)
  object space 589312K, 99% used [0x0000000080000000,0x00000000a3f23660,0x00000000a3f80000)
 Metaspace       used 74506K, committed 76224K, reserved 1179648K
  class space    used 7799K, committed 8512K, reserved 1048576K
}
Event: 159.839 GC heap before
{Heap before GC invocations=309 (full 3):
 PSYoungGen      total 4096K, used 3872K [0x00000000d5580000, 0x00000000d5a80000, 0x0000000100000000)
  eden space 3072K, 100% used [0x00000000d5580000,0x00000000d5880000,0x00000000d5880000)
  from space 1024K, 78% used [0x00000000d5880000,0x00000000d5948000,0x00000000d5980000)
  to   space 1024K, 0% used [0x00000000d5980000,0x00000000d5980000,0x00000000d5a80000)
 ParOldGen       total 652800K, used 650381K [0x0000000080000000, 0x00000000a7d80000, 0x00000000d5580000)
  object space 652800K, 99% used [0x0000000080000000,0x00000000a7b236c0,0x00000000a7d80000)
 Metaspace       used 74517K, committed 76224K, reserved 1179648K
  class space    used 7799K, committed 8512K, reserved 1048576K
}
Event: 159.841 GC heap after
{Heap after GC invocations=309 (full 3):
 PSYoungGen      total 3584K, used 256K [0x00000000d5580000, 0x00000000d5a00000, 0x0000000100000000)
  eden space 3072K, 0% used [0x00000000d5580000,0x00000000d5580000,0x00000000d5880000)
  from space 512K, 50% used [0x00000000d5980000,0x00000000d59c0000,0x00000000d5a00000)
  to   space 512K, 0% used [0x00000000d5900000,0x00000000d5900000,0x00000000d5980000)
 ParOldGen       total 652800K, used 650933K [0x0000000080000000, 0x00000000a7d80000, 0x00000000d5580000)
  object space 652800K, 99% used [0x0000000080000000,0x00000000a7bad6c0,0x00000000a7d80000)
 Metaspace       used 74517K, committed 76224K, reserved 1179648K
  class space    used 7799K, committed 8512K, reserved 1048576K
}
Event: 159.852 GC heap before
{Heap before GC invocations=310 (full 3):
 PSYoungGen      total 3584K, used 2922K [0x00000000d5580000, 0x00000000d5a00000, 0x0000000100000000)
  eden space 3072K, 86% used [0x00000000d5580000,0x00000000d581a8e8,0x00000000d5880000)
  from space 512K, 50% used [0x00000000d5980000,0x00000000d59c0000,0x00000000d5a00000)
  to   space 512K, 0% used [0x00000000d5900000,0x00000000d5900000,0x00000000d5980000)
 ParOldGen       total 652800K, used 650933K [0x0000000080000000, 0x00000000a7d80000, 0x00000000d5580000)
  object space 652800K, 99% used [0x0000000080000000,0x00000000a7bad6c0,0x00000000a7d80000)
 Metaspace       used 74517K, committed 76224K, reserved 1179648K
  class space    used 7799K, committed 8512K, reserved 1048576K
}
Event: 159.854 GC heap after
{Heap after GC invocations=310 (full 3):
 PSYoungGen      total 3584K, used 510K [0x00000000d5580000, 0x00000000d5e80000, 0x0000000100000000)
  eden space 3072K, 0% used [0x00000000d5580000,0x00000000d5580000,0x00000000d5880000)
  from space 512K, 99% used [0x00000000d5900000,0x00000000d597fac0,0x00000000d5980000)
  to   space 3072K, 0% used [0x00000000d5b80000,0x00000000d5b80000,0x00000000d5e80000)
 ParOldGen       total 652800K, used 652782K [0x0000000080000000, 0x00000000a7d80000, 0x00000000d5580000)
  object space 652800K, 99% used [0x0000000080000000,0x00000000a7d7bb48,0x00000000a7d80000)
 Metaspace       used 74517K, committed 76224K, reserved 1179648K
  class space    used 7799K, committed 8512K, reserved 1048576K
}
Event: 159.862 GC heap before
{Heap before GC invocations=311 (full 3):
 PSYoungGen      total 3584K, used 3542K [0x00000000d5580000, 0x00000000d5e80000, 0x0000000100000000)
  eden space 3072K, 98% used [0x00000000d5580000,0x00000000d5875e90,0x00000000d5880000)
  from space 512K, 99% used [0x00000000d5900000,0x00000000d597fac0,0x00000000d5980000)
  to   space 3072K, 0% used [0x00000000d5b80000,0x00000000d5b80000,0x00000000d5e80000)
 ParOldGen       total 652800K, used 652782K [0x0000000080000000, 0x00000000a7d80000, 0x00000000d5580000)
  object space 652800K, 99% used [0x0000000080000000,0x00000000a7d7bb48,0x00000000a7d80000)
 Metaspace       used 74517K, committed 76224K, reserved 1179648K
  class space    used 7799K, committed 8512K, reserved 1048576K
}
Event: 159.864 GC heap after
{Heap after GC invocations=311 (full 3):
 PSYoungGen      total 6144K, used 2772K [0x00000000d5580000, 0x00000000d5e80000, 0x0000000100000000)
  eden space 3072K, 0% used [0x00000000d5580000,0x00000000d5580000,0x00000000d5880000)
  from space 3072K, 90% used [0x00000000d5b80000,0x00000000d5e35388,0x00000000d5e80000)
  to   space 3072K, 0% used [0x00000000d5880000,0x00000000d5880000,0x00000000d5b80000)
 ParOldGen       total 653312K, used 653270K [0x0000000080000000, 0x00000000a7e00000, 0x00000000d5580000)
  object space 653312K, 99% used [0x0000000080000000,0x00000000a7df5898,0x00000000a7e00000)
 Metaspace       used 74517K, committed 76224K, reserved 1179648K
  class space    used 7799K, committed 8512K, reserved 1048576K
}

