# JRE version: OpenJDK Runtime Environment Temurin-21.0.11+10 (21.0.11+10) (build 21.0.11+10-LTS)
# Java VM: OpenJDK 64-Bit Server VM Temurin-21.0.11+10 (21.0.11+10-LTS, mixed mode, sharing, tiered, compressed oops, compressed class ptrs, parallel gc, windows-amd64)
GC Precious Log:
 CardTable entry size: 512
 CPUs: 8 total, 8 available
 Memory: 7936M
 Large Page Support: Disabled
 NUMA Support: Disabled
 Compressed Oops: Enabled (32-bit)
 Alignments: Space 512K, Generation 512K, Heap 2M
 Heap Min Capacity: 100M
 Heap Initial Capacity: 100M
 Heap Max Capacity: 2G
 Pre-touch: Disabled
 Parallel Workers: 8
Heap:
 PSYoungGen      total 12800K, used 9456K [0x00000000d5580000, 0x00000000d6680000, 0x0000000100000000)
  eden space 12288K, 74% used [0x00000000d5580000,0x00000000d5e6ef90,0x00000000d6180000)
  from space 512K, 60% used [0x00000000d6600000,0x00000000d664d200,0x00000000d6680000)
  to   space 512K, 0% used [0x00000000d6580000,0x00000000d6580000,0x00000000d6600000)
 ParOldGen       total 138240K, used 137897K [0x0000000080000000, 0x0000000088700000, 0x00000000d5580000)
  object space 138240K, 99% used [0x0000000080000000,0x00000000886aa4c0,0x0000000088700000)
 Metaspace       used 69208K, committed 70720K, reserved 1114112K
  class space    used 7288K, committed 7936K, reserved 1048576K
GC Heap History (20 events):
Event: 16.173 GC heap before
{Heap before GC invocations=58 (full 3):
 PSYoungGen      total 15872K, used 15337K [0x00000000d5580000, 0x00000000d6f80000, 0x0000000100000000)
  eden space 14336K, 99% used [0x00000000d5580000,0x00000000d637a3e0,0x00000000d6380000)
  from space 1536K, 66% used [0x00000000d6e00000,0x00000000d6f00040,0x00000000d6f80000)
  to   space 4096K, 0% used [0x00000000d6780000,0x00000000d6780000,0x00000000d6b80000)
 ParOldGen       total 71680K, used 71534K [0x0000000080000000, 0x0000000084600000, 0x00000000d5580000)
  object space 71680K, 99% used [0x0000000080000000,0x00000000845db858,0x0000000084600000)
 Metaspace       used 65941K, committed 67456K, reserved 1114112K
  class space    used 7002K, committed 7616K, reserved 1048576K
}
Event: 16.176 GC heap after
{Heap after GC invocations=58 (full 3):
 PSYoungGen      total 18432K, used 1412K [0x00000000d5580000, 0x00000000d6e80000, 0x0000000100000000)
  eden space 14336K, 0% used [0x00000000d5580000,0x00000000d5580000,0x00000000d6380000)
  from space 4096K, 34% used [0x00000000d6780000,0x00000000d68e1210,0x00000000d6b80000)
  to   space 2048K, 0% used [0x00000000d6c80000,0x00000000d6c80000,0x00000000d6e80000)
 ParOldGen       total 72704K, used 72418K [0x0000000080000000, 0x0000000084700000, 0x00000000d5580000)
  object space 72704K, 99% used [0x0000000080000000,0x00000000846b8b30,0x0000000084700000)
 Metaspace       used 65941K, committed 67456K, reserved 1114112K
  class space    used 7002K, committed 7616K, reserved 1048576K
}
Event: 16.318 GC heap before
{Heap before GC invocations=59 (full 3):
 PSYoungGen      total 18432K, used 15748K [0x00000000d5580000, 0x00000000d6e80000, 0x0000000100000000)
  eden space 14336K, 99% used [0x00000000d5580000,0x00000000d637ff60,0x00000000d6380000)
  from space 4096K, 34% used [0x00000000d6780000,0x00000000d68e1210,0x00000000d6b80000)
  to   space 2048K, 0% used [0x00000000d6c80000,0x00000000d6c80000,0x00000000d6e80000)
 ParOldGen       total 72704K, used 72418K [0x0000000080000000, 0x0000000084700000, 0x00000000d5580000)
  object space 72704K, 99% used [0x0000000080000000,0x00000000846b8b30,0x0000000084700000)
 Metaspace       used 66712K, committed 68224K, reserved 1114112K
  class space    used 7065K, committed 7680K, reserved 1048576K
}
Event: 16.323 GC heap after
{Heap after GC invocations=59 (full 3):
 PSYoungGen      total 16384K, used 2031K [0x00000000d5580000, 0x00000000d6f80000, 0x0000000100000000)
  eden space 14336K, 0% used [0x00000000d5580000,0x00000000d5580000,0x00000000d6380000)
  from space 2048K, 99% used [0x00000000d6c80000,0x00000000d6e7bdd8,0x00000000d6e80000)
  to   space 6144K, 0% used [0x00000000d6380000,0x00000000d6380000,0x00000000d6980000)
 ParOldGen       total 75776K, used 75461K [0x0000000080000000, 0x0000000084a00000, 0x00000000d5580000)
  object space 75776K, 99% used [0x0000000080000000,0x00000000849b1578,0x0000000084a00000)
 Metaspace       used 66712K, committed 68224K, reserved 1114112K
  class space    used 7065K, committed 7680K, reserved 1048576K
}
Event: 16.456 GC heap before
{Heap before GC invocations=60 (full 3):
 PSYoungGen      total 16384K, used 16367K [0x00000000d5580000, 0x00000000d6f80000, 0x0000000100000000)
  eden space 14336K, 100% used [0x00000000d5580000,0x00000000d6380000,0x00000000d6380000)
  from space 2048K, 99% used [0x00000000d6c80000,0x00000000d6e7bdd8,0x00000000d6e80000)
  to   space 6144K, 0% used [0x00000000d6380000,0x00000000d6380000,0x00000000d6980000)
 ParOldGen       total 75776K, used 75461K [0x0000000080000000, 0x0000000084a00000, 0x00000000d5580000)
  object space 75776K, 99% used [0x0000000080000000,0x00000000849b1578,0x0000000084a00000)
 Metaspace       used 67175K, committed 68736K, reserved 1114112K
  class space    used 7113K, committed 7744K, reserved 1048576K
}
Event: 16.459 GC heap after
{Heap after GC invocations=60 (full 3):
 PSYoungGen      total 20480K, used 2192K [0x00000000d5580000, 0x00000000d6d00000, 0x0000000100000000)
  eden space 14336K, 0% used [0x00000000d5580000,0x00000000d5580000,0x00000000d6380000)
  from space 6144K, 35% used [0x00000000d6380000,0x00000000d65a41f0,0x00000000d6980000)
  to   space 3584K, 0% used [0x00000000d6980000,0x00000000d6980000,0x00000000d6d00000)
 ParOldGen       total 76288K, used 76214K [0x0000000080000000, 0x0000000084a80000, 0x00000000d5580000)
  object space 76288K, 99% used [0x0000000080000000,0x0000000084a6da88,0x0000000084a80000)
 Metaspace       used 67175K, committed 68736K, reserved 1114112K
  class space    used 7113K, committed 7744K, reserved 1048576K
}
Event: 16.613 GC heap before
{Heap before GC invocations=61 (full 3):
 PSYoungGen      total 20480K, used 16528K [0x00000000d5580000, 0x00000000d6d00000, 0x0000000100000000)
  eden space 14336K, 100% used [0x00000000d5580000,0x00000000d6380000,0x00000000d6380000)
  from space 6144K, 35% used [0x00000000d6380000,0x00000000d65a41f0,0x00000000d6980000)
  to   space 3584K, 0% used [0x00000000d6980000,0x00000000d6980000,0x00000000d6d00000)
 ParOldGen       total 131584K, used 129974K [0x0000000080000000, 0x0000000088080000, 0x00000000d5580000)
  object space 131584K, 98% used [0x0000000080000000,0x0000000087eedad8,0x0000000088080000)
 Metaspace       used 68012K, committed 69568K, reserved 1114112K
  class space    used 7226K, committed 7872K, reserved 1048576K
}
Event: 16.616 GC heap after
{Heap after GC invocations=61 (full 3):
 PSYoungGen      total 14848K, used 416K [0x00000000d5580000, 0x00000000d6a00000, 0x0000000100000000)
  eden space 14336K, 0% used [0x00000000d5580000,0x00000000d5580000,0x00000000d6380000)
  from space 512K, 81% used [0x00000000d6980000,0x00000000d69e8000,0x00000000d6a00000)
  to   space 1536K, 0% used [0x00000000d6700000,0x00000000d6700000,0x00000000d6880000)
 ParOldGen       total 131584K, used 131013K [0x0000000080000000, 0x0000000088080000, 0x00000000d5580000)
  object space 131584K, 99% used [0x0000000080000000,0x0000000087ff1438,0x0000000088080000)
 Metaspace       used 68012K, committed 69568K, reserved 1114112K
  class space    used 7226K, committed 7872K, reserved 1048576K
}
Event: 16.730 GC heap before
{Heap before GC invocations=62 (full 3):
 PSYoungGen      total 14848K, used 14487K [0x00000000d5580000, 0x00000000d6a00000, 0x0000000100000000)
  eden space 14336K, 98% used [0x00000000d5580000,0x00000000d633dd58,0x00000000d6380000)
  from space 512K, 81% used [0x00000000d6980000,0x00000000d69e8000,0x00000000d6a00000)
  to   space 1536K, 0% used [0x00000000d6700000,0x00000000d6700000,0x00000000d6880000)
 ParOldGen       total 131584K, used 131013K [0x0000000080000000, 0x0000000088080000, 0x00000000d5580000)
  object space 131584K, 99% used [0x0000000080000000,0x0000000087ff1438,0x0000000088080000)
 Metaspace       used 68333K, committed 69888K, reserved 1114112K
  class space    used 7262K, committed 7936K, reserved 1048576K
}
Event: 16.734 GC heap after
{Heap after GC invocations=62 (full 3):
 PSYoungGen      total 15872K, used 1534K [0x00000000d5580000, 0x00000000d6b80000, 0x0000000100000000)
  eden space 14336K, 0% used [0x00000000d5580000,0x00000000d5580000,0x00000000d6380000)
  from space 1536K, 99% used [0x00000000d6700000,0x00000000d687f8c0,0x00000000d6880000)
  to   space 3072K, 0% used [0x00000000d6880000,0x00000000d6880000,0x00000000d6b80000)
 ParOldGen       total 133120K, used 133011K [0x0000000080000000, 0x0000000088200000, 0x00000000d5580000)
  object space 133120K, 99% used [0x0000000080000000,0x00000000881e4fb0,0x0000000088200000)
 Metaspace       used 68333K, committed 69888K, reserved 1114112K
  class space    used 7262K, committed 7936K, reserved 1048576K
}
Event: 16.890 GC heap before
{Heap before GC invocations=63 (full 3):
 PSYoungGen      total 15872K, used 15829K [0x00000000d5580000, 0x00000000d6b80000, 0x0000000100000000)
  eden space 14336K, 99% used [0x00000000d5580000,0x00000000d6375e88,0x00000000d6380000)
  from space 1536K, 99% used [0x00000000d6700000,0x00000000d687f8c0,0x00000000d6880000)
  to   space 3072K, 0% used [0x00000000d6880000,0x00000000d6880000,0x00000000d6b80000)
 ParOldGen       total 133120K, used 133011K [0x0000000080000000, 0x0000000088200000, 0x00000000d5580000)
  object space 133120K, 99% used [0x0000000080000000,0x00000000881e4fb0,0x0000000088200000)
 Metaspace       used 68592K, committed 70080K, reserved 1114112K
  class space    used 7280K, committed 7936K, reserved 1048576K
}
Event: 16.895 GC heap after
{Heap after GC invocations=63 (full 3):
 PSYoungGen      total 15360K, used 3064K [0x00000000d5580000, 0x00000000d7180000, 0x0000000100000000)
  eden space 12288K, 0% used [0x00000000d5580000,0x00000000d5580000,0x00000000d6180000)
  from space 3072K, 99% used [0x00000000d6880000,0x00000000d6b7e060,0x00000000d6b80000)
  to   space 7168K, 0% used [0x00000000d6180000,0x00000000d6180000,0x00000000d6880000)
 ParOldGen       total 136192K, used 136081K [0x0000000080000000, 0x0000000088500000, 0x00000000d5580000)
  object space 136192K, 99% used [0x0000000080000000,0x00000000884e4478,0x0000000088500000)
 Metaspace       used 68592K, committed 70080K, reserved 1114112K
  class space    used 7280K, committed 7936K, reserved 1048576K
}
Event: 17.193 GC heap before
{Heap before GC invocations=64 (full 3):
 PSYoungGen      total 15360K, used 15352K [0x00000000d5580000, 0x00000000d7180000, 0x0000000100000000)
  eden space 12288K, 100% used [0x00000000d5580000,0x00000000d6180000,0x00000000d6180000)
  from space 3072K, 99% used [0x00000000d6880000,0x00000000d6b7e060,0x00000000d6b80000)
  to   space 7168K, 0% used [0x00000000d6180000,0x00000000d6180000,0x00000000d6880000)
 ParOldGen       total 136192K, used 136081K [0x0000000080000000, 0x0000000088500000, 0x00000000d5580000)
  object space 136192K, 99% used [0x0000000080000000,0x00000000884e4478,0x0000000088500000)
 Metaspace       used 68847K, committed 70336K, reserved 1114112K
  class space    used 7282K, committed 7936K, reserved 1048576K
}
Event: 17.197 GC heap after
{Heap after GC invocations=64 (full 3):
 PSYoungGen      total 13824K, used 1040K [0x00000000d5580000, 0x00000000d6900000, 0x0000000100000000)
  eden space 12288K, 0% used [0x00000000d5580000,0x00000000d5580000,0x00000000d6180000)
  from space 1536K, 67% used [0x00000000d6180000,0x00000000d6284118,0x00000000d6300000)
  to   space 3072K, 0% used [0x00000000d6600000,0x00000000d6600000,0x00000000d6900000)
 ParOldGen       total 137216K, used 136718K [0x0000000080000000, 0x0000000088600000, 0x00000000d5580000)
  object space 137216K, 99% used [0x0000000080000000,0x0000000088583870,0x0000000088600000)
 Metaspace       used 68847K, committed 70336K, reserved 1114112K
  class space    used 7282K, committed 7936K, reserved 1048576K
}
Event: 17.847 GC heap before
{Heap before GC invocations=65 (full 3):
 PSYoungGen      total 13824K, used 13328K [0x00000000d5580000, 0x00000000d6900000, 0x0000000100000000)
  eden space 12288K, 100% used [0x00000000d5580000,0x00000000d6180000,0x00000000d6180000)
  from space 1536K, 67% used [0x00000000d6180000,0x00000000d6284118,0x00000000d6300000)
  to   space 3072K, 0% used [0x00000000d6600000,0x00000000d6600000,0x00000000d6900000)
 ParOldGen       total 137216K, used 136718K [0x0000000080000000, 0x0000000088600000, 0x00000000d5580000)
  object space 137216K, 99% used [0x0000000080000000,0x0000000088583870,0x0000000088600000)
 Metaspace       used 68968K, committed 70528K, reserved 1114112K
  class space    used 7282K, committed 7936K, reserved 1048576K
}
Event: 17.850 GC heap after
{Heap after GC invocations=65 (full 3):
 PSYoungGen      total 13312K, used 538K [0x00000000d5580000, 0x00000000d6700000, 0x0000000100000000)
  eden space 12288K, 0% used [0x00000000d5580000,0x00000000d5580000,0x00000000d6180000)
  from space 1024K, 52% used [0x00000000d6600000,0x00000000d6686a50,0x00000000d6700000)
  to   space 1536K, 0% used [0x00000000d6400000,0x00000000d6400000,0x00000000d6580000)
 ParOldGen       total 137728K, used 137547K [0x0000000080000000, 0x0000000088680000, 0x00000000d5580000)
  object space 137728K, 99% used [0x0000000080000000,0x0000000088652de8,0x0000000088680000)
 Metaspace       used 68968K, committed 70528K, reserved 1114112K
  class space    used 7282K, committed 7936K, reserved 1048576K
}
Event: 18.127 GC heap before
{Heap before GC invocations=66 (full 3):
 PSYoungGen      total 13312K, used 12826K [0x00000000d5580000, 0x00000000d6700000, 0x0000000100000000)
  eden space 12288K, 100% used [0x00000000d5580000,0x00000000d6180000,0x00000000d6180000)
  from space 1024K, 52% used [0x00000000d6600000,0x00000000d6686a50,0x00000000d6700000)
  to   space 1536K, 0% used [0x00000000d6400000,0x00000000d6400000,0x00000000d6580000)
 ParOldGen       total 137728K, used 137547K [0x0000000080000000, 0x0000000088680000, 0x00000000d5580000)
  object space 137728K, 99% used [0x0000000080000000,0x0000000088652de8,0x0000000088680000)
 Metaspace       used 69079K, committed 70592K, reserved 1114112K
  class space    used 7285K, committed 7936K, reserved 1048576K
}
Event: 18.129 GC heap after
{Heap after GC invocations=66 (full 3):
 PSYoungGen      total 13824K, used 340K [0x00000000d5580000, 0x00000000d6680000, 0x0000000100000000)
  eden space 12288K, 0% used [0x00000000d5580000,0x00000000d5580000,0x00000000d6180000)
  from space 1536K, 22% used [0x00000000d6400000,0x00000000d6455200,0x00000000d6580000)
  to   space 512K, 0% used [0x00000000d6600000,0x00000000d6600000,0x00000000d6680000)
 ParOldGen       total 137728K, used 137713K [0x0000000080000000, 0x0000000088680000, 0x00000000d5580000)
  object space 137728K, 99% used [0x0000000080000000,0x000000008867c4c0,0x0000000088680000)
 Metaspace       used 69079K, committed 70592K, reserved 1114112K
  class space    used 7285K, committed 7936K, reserved 1048576K
}
Event: 18.313 GC heap before
{Heap before GC invocations=67 (full 3):
 PSYoungGen      total 13824K, used 12628K [0x00000000d5580000, 0x00000000d6680000, 0x0000000100000000)
  eden space 12288K, 100% used [0x00000000d5580000,0x00000000d6180000,0x00000000d6180000)
  from space 1536K, 22% used [0x00000000d6400000,0x00000000d6455200,0x00000000d6580000)
  to   space 512K, 0% used [0x00000000d6600000,0x00000000d6600000,0x00000000d6680000)
 ParOldGen       total 137728K, used 137713K [0x0000000080000000, 0x0000000088680000, 0x00000000d5580000)
  object space 137728K, 99% used [0x0000000080000000,0x000000008867c4c0,0x0000000088680000)
 Metaspace       used 69151K, committed 70656K, reserved 1114112K
  class space    used 7286K, committed 7936K, reserved 1048576K
}
Event: 18.315 GC heap after
{Heap after GC invocations=67 (full 3):
 PSYoungGen      total 12800K, used 308K [0x00000000d5580000, 0x00000000d6680000, 0x0000000100000000)
  eden space 12288K, 0% used [0x00000000d5580000,0x00000000d5580000,0x00000000d6180000)
  from space 512K, 60% used [0x00000000d6600000,0x00000000d664d200,0x00000000d6680000)
  to   space 512K, 0% used [0x00000000d6580000,0x00000000d6580000,0x00000000d6600000)
 ParOldGen       total 138240K, used 137897K [0x0000000080000000, 0x0000000088700000, 0x00000000d5580000)
  object space 138240K, 99% used [0x0000000080000000,0x00000000886aa4c0,0x0000000088700000)
 Metaspace       used 69151K, committed 70656K, reserved 1114112K
  class space    used 7286K, committed 7936K, reserved 1048576K
}

