# JRE version: OpenJDK Runtime Environment Temurin-21.0.11+10 (21.0.11+10) (build 21.0.11+10-LTS)
# Java VM: OpenJDK 64-Bit Server VM Temurin-21.0.11+10 (21.0.11+10-LTS, mixed mode, sharing, tiered, compressed oops, compressed class ptrs, parallel gc, windows-amd64)
GC Precious Log:
 CardTable entry size: 512
 CPUs: 8 total, 8 available
 Memory: 7936M
 Large Page Support: Disabled
 NUMA Support: Disabled
 Compressed Oops: Enabled (32-bit)
 Alignments: Space 512K, Generation 512K, Heap 2M
 Heap Min Capacity: 100M
 Heap Initial Capacity: 100M
 Heap Max Capacity: 2G
 Pre-touch: Disabled
 Parallel Workers: 8
Heap:
 PSYoungGen      total 23040K, used 6716K [0x00000000d5580000, 0x00000000d6f00000, 0x0000000100000000)
  eden space 21504K, 24% used [0x00000000d5580000,0x00000000d5aa8e60,0x00000000d6a80000)
  from space 1536K, 93% used [0x00000000d6d80000,0x00000000d6ee6308,0x00000000d6f00000)
  to   space 2048K, 0% used [0x00000000d6b00000,0x00000000d6b00000,0x00000000d6d00000)
 ParOldGen       total 68608K, used 37788K [0x0000000080000000, 0x0000000084300000, 0x00000000d5580000)
  object space 68608K, 55% used [0x0000000080000000,0x00000000824e7050,0x0000000084300000)
 Metaspace       used 49318K, committed 50624K, reserved 1114112K
  class space    used 5386K, committed 5952K, reserved 1048576K
GC Heap History (20 events):
Event: 8.253 GC heap before
{Heap before GC invocations=17 (full 2):
 PSYoungGen      total 23040K, used 23021K [0x00000000d5580000, 0x00000000d7080000, 0x0000000100000000)
  eden space 22016K, 100% used [0x00000000d5580000,0x00000000d6b00000,0x00000000d6b00000)
  from space 1024K, 98% used [0x00000000d6f80000,0x00000000d707b6d0,0x00000000d7080000)
  to   space 2560K, 0% used [0x00000000d6b80000,0x00000000d6b80000,0x00000000d6e00000)
 ParOldGen       total 68608K, used 18896K [0x0000000080000000, 0x0000000084300000, 0x00000000d5580000)
  object space 68608K, 27% used [0x0000000080000000,0x00000000812741d8,0x0000000084300000)
 Metaspace       used 38874K, committed 40192K, reserved 1114112K
  class space    used 4087K, committed 4672K, reserved 1048576K
}
Event: 8.256 GC heap after
{Heap after GC invocations=17 (full 2):
 PSYoungGen      total 24576K, used 2513K [0x00000000d5580000, 0x00000000d7100000, 0x0000000100000000)
  eden space 22016K, 0% used [0x00000000d5580000,0x00000000d5580000,0x00000000d6b00000)
  from space 2560K, 98% used [0x00000000d6b80000,0x00000000d6df45f0,0x00000000d6e00000)
  to   space 3072K, 0% used [0x00000000d6e00000,0x00000000d6e00000,0x00000000d7100000)
 ParOldGen       total 68608K, used 19878K [0x0000000080000000, 0x0000000084300000, 0x00000000d5580000)
  object space 68608K, 28% used [0x0000000080000000,0x00000000813699b0,0x0000000084300000)
 Metaspace       used 38874K, committed 40192K, reserved 1114112K
  class space    used 4087K, committed 4672K, reserved 1048576K
}
Event: 8.453 GC heap before
{Heap before GC invocations=18 (full 2):
 PSYoungGen      total 24576K, used 24529K [0x00000000d5580000, 0x00000000d7100000, 0x0000000100000000)
  eden space 22016K, 100% used [0x00000000d5580000,0x00000000d6b00000,0x00000000d6b00000)
  from space 2560K, 98% used [0x00000000d6b80000,0x00000000d6df45f0,0x00000000d6e00000)
  to   space 3072K, 0% used [0x00000000d6e00000,0x00000000d6e00000,0x00000000d7100000)
 ParOldGen       total 68608K, used 19881K [0x0000000080000000, 0x0000000084300000, 0x00000000d5580000)
  object space 68608K, 28% used [0x0000000080000000,0x000000008136a418,0x0000000084300000)
 Metaspace       used 39995K, committed 41280K, reserved 1114112K
  class space    used 4242K, committed 4800K, reserved 1048576K
}
Event: 8.456 GC heap after
{Heap after GC invocations=18 (full 2):
 PSYoungGen      total 24064K, used 1856K [0x00000000d5580000, 0x00000000d7000000, 0x0000000100000000)
  eden space 22016K, 0% used [0x00000000d5580000,0x00000000d5580000,0x00000000d6b00000)
  from space 2048K, 90% used [0x00000000d6e00000,0x00000000d6fd0030,0x00000000d7000000)
  to   space 2560K, 0% used [0x00000000d6b00000,0x00000000d6b00000,0x00000000d6d80000)
 ParOldGen       total 68608K, used 22158K [0x0000000080000000, 0x0000000084300000, 0x00000000d5580000)
  object space 68608K, 32% used [0x0000000080000000,0x00000000815a3bb0,0x0000000084300000)
 Metaspace       used 39995K, committed 41280K, reserved 1114112K
  class space    used 4242K, committed 4800K, reserved 1048576K
}
Event: 8.622 GC heap before
{Heap before GC invocations=19 (full 2):
 PSYoungGen      total 24064K, used 23872K [0x00000000d5580000, 0x00000000d7000000, 0x0000000100000000)
  eden space 22016K, 100% used [0x00000000d5580000,0x00000000d6b00000,0x00000000d6b00000)
  from space 2048K, 90% used [0x00000000d6e00000,0x00000000d6fd0030,0x00000000d7000000)
  to   space 2560K, 0% used [0x00000000d6b00000,0x00000000d6b00000,0x00000000d6d80000)
 ParOldGen       total 68608K, used 22158K [0x0000000080000000, 0x0000000084300000, 0x00000000d5580000)
  object space 68608K, 32% used [0x0000000080000000,0x00000000815a3bb0,0x0000000084300000)
 Metaspace       used 41142K, committed 42432K, reserved 1114112K
  class space    used 4373K, committed 4928K, reserved 1048576K
}
Event: 8.626 GC heap after
{Heap after GC invocations=19 (full 2):
 PSYoungGen      total 24576K, used 2016K [0x00000000d5580000, 0x00000000d7000000, 0x0000000100000000)
  eden space 22016K, 0% used [0x00000000d5580000,0x00000000d5580000,0x00000000d6b00000)
  from space 2560K, 78% used [0x00000000d6b00000,0x00000000d6cf8010,0x00000000d6d80000)
  to   space 2560K, 0% used [0x00000000d6d80000,0x00000000d6d80000,0x00000000d7000000)
 ParOldGen       total 68608K, used 23894K [0x0000000080000000, 0x0000000084300000, 0x00000000d5580000)
  object space 68608K, 34% used [0x0000000080000000,0x0000000081755bd0,0x0000000084300000)
 Metaspace       used 41142K, committed 42432K, reserved 1114112K
  class space    used 4373K, committed 4928K, reserved 1048576K
}
Event: 8.804 GC heap before
{Heap before GC invocations=20 (full 2):
 PSYoungGen      total 24576K, used 24032K [0x00000000d5580000, 0x00000000d7000000, 0x0000000100000000)
  eden space 22016K, 100% used [0x00000000d5580000,0x00000000d6b00000,0x00000000d6b00000)
  from space 2560K, 78% used [0x00000000d6b00000,0x00000000d6cf8010,0x00000000d6d80000)
  to   space 2560K, 0% used [0x00000000d6d80000,0x00000000d6d80000,0x00000000d7000000)
 ParOldGen       total 68608K, used 23894K [0x0000000080000000, 0x0000000084300000, 0x00000000d5580000)
  object space 68608K, 34% used [0x0000000080000000,0x0000000081755bd0,0x0000000084300000)
 Metaspace       used 42746K, committed 44096K, reserved 1114112K
  class space    used 4578K, committed 5184K, reserved 1048576K
}
Event: 8.809 GC heap after
{Heap after GC invocations=20 (full 2):
 PSYoungGen      total 24064K, used 2033K [0x00000000d5580000, 0x00000000d6f80000, 0x0000000100000000)
  eden space 22016K, 0% used [0x00000000d5580000,0x00000000d5580000,0x00000000d6b00000)
  from space 2048K, 99% used [0x00000000d6d80000,0x00000000d6f7c410,0x00000000d6f80000)
  to   space 2048K, 0% used [0x00000000d6b80000,0x00000000d6b80000,0x00000000d6d80000)
 ParOldGen       total 68608K, used 25806K [0x0000000080000000, 0x0000000084300000, 0x00000000d5580000)
  object space 68608K, 37% used [0x0000000080000000,0x0000000081933bf0,0x0000000084300000)
 Metaspace       used 42746K, committed 44096K, reserved 1114112K
  class space    used 4578K, committed 5184K, reserved 1048576K
}
Event: 8.989 GC heap before
{Heap before GC invocations=21 (full 2):
 PSYoungGen      total 24064K, used 24049K [0x00000000d5580000, 0x00000000d6f80000, 0x0000000100000000)
  eden space 22016K, 100% used [0x00000000d5580000,0x00000000d6b00000,0x00000000d6b00000)
  from space 2048K, 99% used [0x00000000d6d80000,0x00000000d6f7c410,0x00000000d6f80000)
  to   space 2048K, 0% used [0x00000000d6b80000,0x00000000d6b80000,0x00000000d6d80000)
 ParOldGen       total 68608K, used 25806K [0x0000000080000000, 0x0000000084300000, 0x00000000d5580000)
  object space 68608K, 37% used [0x0000000080000000,0x0000000081933bf0,0x0000000084300000)
 Metaspace       used 43245K, committed 44608K, reserved 1114112K
  class space    used 4649K, committed 5248K, reserved 1048576K
}
Event: 8.995 GC heap after
{Heap after GC invocations=21 (full 2):
 PSYoungGen      total 24064K, used 2037K [0x00000000d5580000, 0x00000000d7500000, 0x0000000100000000)
  eden space 22016K, 0% used [0x00000000d5580000,0x00000000d5580000,0x00000000d6b00000)
  from space 2048K, 99% used [0x00000000d6b80000,0x00000000d6d7d468,0x00000000d6d80000)
  to   space 5120K, 0% used [0x00000000d7000000,0x00000000d7000000,0x00000000d7500000)
 ParOldGen       total 68608K, used 28066K [0x0000000080000000, 0x0000000084300000, 0x00000000d5580000)
  object space 68608K, 40% used [0x0000000080000000,0x0000000081b688d0,0x0000000084300000)
 Metaspace       used 43245K, committed 44608K, reserved 1114112K
  class space    used 4649K, committed 5248K, reserved 1048576K
}
Event: 9.290 GC heap before
{Heap before GC invocations=22 (full 2):
 PSYoungGen      total 24064K, used 24053K [0x00000000d5580000, 0x00000000d7500000, 0x0000000100000000)
  eden space 22016K, 100% used [0x00000000d5580000,0x00000000d6b00000,0x00000000d6b00000)
  from space 2048K, 99% used [0x00000000d6b80000,0x00000000d6d7d468,0x00000000d6d80000)
  to   space 5120K, 0% used [0x00000000d7000000,0x00000000d7000000,0x00000000d7500000)
 ParOldGen       total 68608K, used 28066K [0x0000000080000000, 0x0000000084300000, 0x00000000d5580000)
  object space 68608K, 40% used [0x0000000080000000,0x0000000081b688d0,0x0000000084300000)
 Metaspace       used 44067K, committed 45376K, reserved 1114112K
  class space    used 4757K, committed 5312K, reserved 1048576K
}
Event: 9.297 GC heap after
{Heap after GC invocations=22 (full 2):
 PSYoungGen      total 24576K, used 2084K [0x00000000d5580000, 0x00000000d7280000, 0x0000000100000000)
  eden space 22016K, 0% used [0x00000000d5580000,0x00000000d5580000,0x00000000d6b00000)
  from space 2560K, 81% used [0x00000000d7000000,0x00000000d7209000,0x00000000d7280000)
  to   space 3072K, 0% used [0x00000000d6c80000,0x00000000d6c80000,0x00000000d6f80000)
 ParOldGen       total 68608K, used 29968K [0x0000000080000000, 0x0000000084300000, 0x00000000d5580000)
  object space 68608K, 43% used [0x0000000080000000,0x0000000081d44290,0x0000000084300000)
 Metaspace       used 44067K, committed 45376K, reserved 1114112K
  class space    used 4757K, committed 5312K, reserved 1048576K
}
Event: 9.509 GC heap before
{Heap before GC invocations=23 (full 2):
 PSYoungGen      total 24576K, used 24100K [0x00000000d5580000, 0x00000000d7280000, 0x0000000100000000)
  eden space 22016K, 100% used [0x00000000d5580000,0x00000000d6b00000,0x00000000d6b00000)
  from space 2560K, 81% used [0x00000000d7000000,0x00000000d7209000,0x00000000d7280000)
  to   space 3072K, 0% used [0x00000000d6c80000,0x00000000d6c80000,0x00000000d6f80000)
 ParOldGen       total 68608K, used 29968K [0x0000000080000000, 0x0000000084300000, 0x00000000d5580000)
  object space 68608K, 43% used [0x0000000080000000,0x0000000081d44290,0x0000000084300000)
 Metaspace       used 44516K, committed 45824K, reserved 1114112K
  class space    used 4812K, committed 5376K, reserved 1048576K
}
Event: 9.515 GC heap after
{Heap after GC invocations=23 (full 2):
 PSYoungGen      total 24576K, used 2151K [0x00000000d5580000, 0x00000000d7080000, 0x0000000100000000)
  eden space 22016K, 0% used [0x00000000d5580000,0x00000000d5580000,0x00000000d6b00000)
  from space 2560K, 84% used [0x00000000d6c80000,0x00000000d6e99d10,0x00000000d6f00000)
  to   space 1536K, 0% used [0x00000000d6f00000,0x00000000d6f00000,0x00000000d7080000)
 ParOldGen       total 68608K, used 31909K [0x0000000080000000, 0x0000000084300000, 0x00000000d5580000)
  object space 68608K, 46% used [0x0000000080000000,0x0000000081f295b8,0x0000000084300000)
 Metaspace       used 44516K, committed 45824K, reserved 1114112K
  class space    used 4812K, committed 5376K, reserved 1048576K
}
Event: 9.797 GC heap before
{Heap before GC invocations=24 (full 2):
 PSYoungGen      total 24576K, used 24167K [0x00000000d5580000, 0x00000000d7080000, 0x0000000100000000)
  eden space 22016K, 100% used [0x00000000d5580000,0x00000000d6b00000,0x00000000d6b00000)
  from space 2560K, 84% used [0x00000000d6c80000,0x00000000d6e99d10,0x00000000d6f00000)
  to   space 1536K, 0% used [0x00000000d6f00000,0x00000000d6f00000,0x00000000d7080000)
 ParOldGen       total 68608K, used 31909K [0x0000000080000000, 0x0000000084300000, 0x00000000d5580000)
  object space 68608K, 46% used [0x0000000080000000,0x0000000081f295b8,0x0000000084300000)
 Metaspace       used 45202K, committed 46592K, reserved 1114112K
  class space    used 4887K, committed 5504K, reserved 1048576K
}
Event: 9.804 GC heap after
{Heap after GC invocations=24 (full 2):
 PSYoungGen      total 23040K, used 1521K [0x00000000d5580000, 0x00000000d7400000, 0x0000000100000000)
  eden space 21504K, 0% used [0x00000000d5580000,0x00000000d5580000,0x00000000d6a80000)
  from space 1536K, 99% used [0x00000000d6f00000,0x00000000d707c648,0x00000000d7080000)
  to   space 4608K, 0% used [0x00000000d6a80000,0x00000000d6a80000,0x00000000d6f00000)
 ParOldGen       total 68608K, used 34394K [0x0000000080000000, 0x0000000084300000, 0x00000000d5580000)
  object space 68608K, 50% used [0x0000000080000000,0x00000000821969e8,0x0000000084300000)
 Metaspace       used 45202K, committed 46592K, reserved 1114112K
  class space    used 4887K, committed 5504K, reserved 1048576K
}
Event: 10.143 GC heap before
{Heap before GC invocations=25 (full 2):
 PSYoungGen      total 23040K, used 23025K [0x00000000d5580000, 0x00000000d7400000, 0x0000000100000000)
  eden space 21504K, 100% used [0x00000000d5580000,0x00000000d6a80000,0x00000000d6a80000)
  from space 1536K, 99% used [0x00000000d6f00000,0x00000000d707c648,0x00000000d7080000)
  to   space 4608K, 0% used [0x00000000d6a80000,0x00000000d6a80000,0x00000000d6f00000)
 ParOldGen       total 68608K, used 34394K [0x0000000080000000, 0x0000000084300000, 0x00000000d5580000)
  object space 68608K, 50% used [0x0000000080000000,0x00000000821969e8,0x0000000084300000)
 Metaspace       used 46154K, committed 47424K, reserved 1114112K
  class space    used 4989K, committed 5568K, reserved 1048576K
}
Event: 10.147 GC heap after
{Heap after GC invocations=25 (full 2):
 PSYoungGen      total 23552K, used 2008K [0x00000000d5580000, 0x00000000d7080000, 0x0000000100000000)
  eden space 21504K, 0% used [0x00000000d5580000,0x00000000d5580000,0x00000000d6a80000)
  from space 2048K, 98% used [0x00000000d6a80000,0x00000000d6c76200,0x00000000d6c80000)
  to   space 3072K, 0% used [0x00000000d6d80000,0x00000000d6d80000,0x00000000d7080000)
 ParOldGen       total 68608K, used 35947K [0x0000000080000000, 0x0000000084300000, 0x00000000d5580000)
  object space 68608K, 52% used [0x0000000080000000,0x000000008231ae18,0x0000000084300000)
 Metaspace       used 46154K, committed 47424K, reserved 1114112K
  class space    used 4989K, committed 5568K, reserved 1048576K
}
Event: 10.782 GC heap before
{Heap before GC invocations=26 (full 2):
 PSYoungGen      total 23552K, used 23512K [0x00000000d5580000, 0x00000000d7080000, 0x0000000100000000)
  eden space 21504K, 100% used [0x00000000d5580000,0x00000000d6a80000,0x00000000d6a80000)
  from space 2048K, 98% used [0x00000000d6a80000,0x00000000d6c76200,0x00000000d6c80000)
  to   space 3072K, 0% used [0x00000000d6d80000,0x00000000d6d80000,0x00000000d7080000)
 ParOldGen       total 68608K, used 35947K [0x0000000080000000, 0x0000000084300000, 0x00000000d5580000)
  object space 68608K, 52% used [0x0000000080000000,0x000000008231ae18,0x0000000084300000)
 Metaspace       used 48816K, committed 50176K, reserved 1114112K
  class space    used 5332K, committed 5952K, reserved 1048576K
}
Event: 10.786 GC heap after
{Heap after GC invocations=26 (full 2):
 PSYoungGen      total 23040K, used 1432K [0x00000000d5580000, 0x00000000d6f00000, 0x0000000100000000)
  eden space 21504K, 0% used [0x00000000d5580000,0x00000000d5580000,0x00000000d6a80000)
  from space 1536K, 93% used [0x00000000d6d80000,0x00000000d6ee6308,0x00000000d6f00000)
  to   space 2048K, 0% used [0x00000000d6b00000,0x00000000d6b00000,0x00000000d6d00000)
 ParOldGen       total 68608K, used 37788K [0x0000000080000000, 0x0000000084300000, 0x00000000d5580000)
  object space 68608K, 55% used [0x0000000080000000,0x00000000824e7050,0x0000000084300000)
 Metaspace       used 48816K, committed 50176K, reserved 1114112K
  class space    used 5332K, committed 5952K, reserved 1048576K
}

