# JRE version: OpenJDK Runtime Environment Temurin-21.0.11+10 (21.0.11+10) (build 21.0.11+10-LTS)
# Java VM: OpenJDK 64-Bit Server VM Temurin-21.0.11+10 (21.0.11+10-LTS, mixed mode, sharing, tiered, compressed oops, compressed class ptrs, parallel gc, windows-amd64)
GC Precious Log:
 CardTable entry size: 512
 CPUs: 8 total, 8 available
 Memory: 7936M
 Large Page Support: Disabled
 NUMA Support: Disabled
 Compressed Oops: Enabled (32-bit)
 Alignments: Space 512K, Generation 512K, Heap 2M
 Heap Min Capacity: 100M
 Heap Initial Capacity: 100M
 Heap Max Capacity: 2G
 Pre-touch: Disabled
 Parallel Workers: 8
Heap:
 PSYoungGen      total 14336K, used 8170K [0x00000000d5580000, 0x00000000d6580000, 0x0000000100000000)
  eden space 12288K, 54% used [0x00000000d5580000,0x00000000d5bfffd0,0x00000000d6180000)
  from space 2048K, 73% used [0x00000000d6380000,0x00000000d64fa858,0x00000000d6580000)
  to   space 2048K, 0% used [0x00000000d6180000,0x00000000d6180000,0x00000000d6380000)
 ParOldGen       total 68608K, used 60551K [0x0000000080000000, 0x0000000084300000, 0x00000000d5580000)
  object space 68608K, 88% used [0x0000000080000000,0x0000000083b21d58,0x0000000084300000)
 Metaspace       used 65882K, committed 67328K, reserved 1114112K
  class space    used 7012K, committed 7680K, reserved 1048576K
GC Heap History (20 events):
Event: 47.967 GC heap before
{Heap before GC invocations=52 (full 3):
 PSYoungGen      total 15872K, used 15857K [0x00000000d5580000, 0x00000000d6a00000, 0x0000000100000000)
  eden space 15360K, 100% used [0x00000000d5580000,0x00000000d6480000,0x00000000d6480000)
  from space 512K, 97% used [0x00000000d6700000,0x00000000d677c420,0x00000000d6780000)
  to   space 2560K, 0% used [0x00000000d6480000,0x00000000d6480000,0x00000000d6700000)
 ParOldGen       total 68608K, used 52073K [0x0000000080000000, 0x0000000084300000, 0x00000000d5580000)
  object space 68608K, 75% used [0x0000000080000000,0x00000000832da620,0x0000000084300000)
 Metaspace       used 62353K, committed 63872K, reserved 1114112K
  class space    used 6665K, committed 7296K, reserved 1048576K
}
Event: 47.971 GC heap after
{Heap after GC invocations=52 (full 3):
 PSYoungGen      total 16384K, used 544K [0x00000000d5580000, 0x00000000d6780000, 0x0000000100000000)
  eden space 15360K, 0% used [0x00000000d5580000,0x00000000d5580000,0x00000000d6480000)
  from space 1024K, 53% used [0x00000000d6480000,0x00000000d6508000,0x00000000d6580000)
  to   space 1024K, 0% used [0x00000000d6680000,0x00000000d6680000,0x00000000d6780000)
 ParOldGen       total 68608K, used 52594K [0x0000000080000000, 0x0000000084300000, 0x00000000d5580000)
  object space 68608K, 76% used [0x0000000080000000,0x000000008335c9b8,0x0000000084300000)
 Metaspace       used 62353K, committed 63872K, reserved 1114112K
  class space    used 6665K, committed 7296K, reserved 1048576K
}
Event: 48.315 GC heap before
{Heap before GC invocations=53 (full 3):
 PSYoungGen      total 16384K, used 15904K [0x00000000d5580000, 0x00000000d6780000, 0x0000000100000000)
  eden space 15360K, 100% used [0x00000000d5580000,0x00000000d6480000,0x00000000d6480000)
  from space 1024K, 53% used [0x00000000d6480000,0x00000000d6508000,0x00000000d6580000)
  to   space 1024K, 0% used [0x00000000d6680000,0x00000000d6680000,0x00000000d6780000)
 ParOldGen       total 68608K, used 52594K [0x0000000080000000, 0x0000000084300000, 0x00000000d5580000)
  object space 68608K, 76% used [0x0000000080000000,0x000000008335c9b8,0x0000000084300000)
 Metaspace       used 62365K, committed 63872K, reserved 1114112K
  class space    used 6665K, committed 7296K, reserved 1048576K
}
Event: 48.320 GC heap after
{Heap after GC invocations=53 (full 3):
 PSYoungGen      total 16384K, used 849K [0x00000000d5580000, 0x00000000d6780000, 0x0000000100000000)
  eden space 15360K, 0% used [0x00000000d5580000,0x00000000d5580000,0x00000000d6480000)
  from space 1024K, 82% used [0x00000000d6680000,0x00000000d6754678,0x00000000d6780000)
  to   space 1024K, 0% used [0x00000000d6480000,0x00000000d6480000,0x00000000d6580000)
 ParOldGen       total 68608K, used 53010K [0x0000000080000000, 0x0000000084300000, 0x00000000d5580000)
  object space 68608K, 77% used [0x0000000080000000,0x00000000833c49b8,0x0000000084300000)
 Metaspace       used 62365K, committed 63872K, reserved 1114112K
  class space    used 6665K, committed 7296K, reserved 1048576K
}
Event: 48.522 GC heap before
{Heap before GC invocations=54 (full 3):
 PSYoungGen      total 16384K, used 16209K [0x00000000d5580000, 0x00000000d6780000, 0x0000000100000000)
  eden space 15360K, 100% used [0x00000000d5580000,0x00000000d6480000,0x00000000d6480000)
  from space 1024K, 82% used [0x00000000d6680000,0x00000000d6754678,0x00000000d6780000)
  to   space 1024K, 0% used [0x00000000d6480000,0x00000000d6480000,0x00000000d6580000)
 ParOldGen       total 68608K, used 53010K [0x0000000080000000, 0x0000000084300000, 0x00000000d5580000)
  object space 68608K, 77% used [0x0000000080000000,0x00000000833c49b8,0x0000000084300000)
 Metaspace       used 62381K, committed 63872K, reserved 1114112K
  class space    used 6665K, committed 7296K, reserved 1048576K
}
Event: 48.526 GC heap after
{Heap after GC invocations=54 (full 3):
 PSYoungGen      total 16384K, used 859K [0x00000000d5580000, 0x00000000d6700000, 0x0000000100000000)
  eden space 15360K, 0% used [0x00000000d5580000,0x00000000d5580000,0x00000000d6480000)
  from space 1024K, 83% used [0x00000000d6480000,0x00000000d6556fa0,0x00000000d6580000)
  to   space 1024K, 0% used [0x00000000d6600000,0x00000000d6600000,0x00000000d6700000)
 ParOldGen       total 68608K, used 53717K [0x0000000080000000, 0x0000000084300000, 0x00000000d5580000)
  object space 68608K, 78% used [0x0000000080000000,0x00000000834756d0,0x0000000084300000)
 Metaspace       used 62381K, committed 63872K, reserved 1114112K
  class space    used 6665K, committed 7296K, reserved 1048576K
}
Event: 48.867 GC heap before
{Heap before GC invocations=55 (full 3):
 PSYoungGen      total 16384K, used 16219K [0x00000000d5580000, 0x00000000d6700000, 0x0000000100000000)
  eden space 15360K, 100% used [0x00000000d5580000,0x00000000d6480000,0x00000000d6480000)
  from space 1024K, 83% used [0x00000000d6480000,0x00000000d6556fa0,0x00000000d6580000)
  to   space 1024K, 0% used [0x00000000d6600000,0x00000000d6600000,0x00000000d6700000)
 ParOldGen       total 68608K, used 53717K [0x0000000080000000, 0x0000000084300000, 0x00000000d5580000)
  object space 68608K, 78% used [0x0000000080000000,0x00000000834756d0,0x0000000084300000)
 Metaspace       used 62447K, committed 63936K, reserved 1114112K
  class space    used 6667K, committed 7296K, reserved 1048576K
}
Event: 48.874 GC heap after
{Heap after GC invocations=55 (full 3):
 PSYoungGen      total 16384K, used 851K [0x00000000d5580000, 0x00000000d6700000, 0x0000000100000000)
  eden space 15360K, 0% used [0x00000000d5580000,0x00000000d5580000,0x00000000d6480000)
  from space 1024K, 83% used [0x00000000d6600000,0x00000000d66d4ca8,0x00000000d6700000)
  to   space 1024K, 0% used [0x00000000d6480000,0x00000000d6480000,0x00000000d6580000)
 ParOldGen       total 68608K, used 54452K [0x0000000080000000, 0x0000000084300000, 0x00000000d5580000)
  object space 68608K, 79% used [0x0000000080000000,0x000000008352d2f8,0x0000000084300000)
 Metaspace       used 62447K, committed 63936K, reserved 1114112K
  class space    used 6667K, committed 7296K, reserved 1048576K
}
Event: 48.935 GC heap before
{Heap before GC invocations=56 (full 3):
 PSYoungGen      total 16384K, used 16211K [0x00000000d5580000, 0x00000000d6700000, 0x0000000100000000)
  eden space 15360K, 100% used [0x00000000d5580000,0x00000000d6480000,0x00000000d6480000)
  from space 1024K, 83% used [0x00000000d6600000,0x00000000d66d4ca8,0x00000000d6700000)
  to   space 1024K, 0% used [0x00000000d6480000,0x00000000d6480000,0x00000000d6580000)
 ParOldGen       total 68608K, used 54452K [0x0000000080000000, 0x0000000084300000, 0x00000000d5580000)
  object space 68608K, 79% used [0x0000000080000000,0x000000008352d2f8,0x0000000084300000)
 Metaspace       used 62453K, committed 63936K, reserved 1114112K
  class space    used 6667K, committed 7296K, reserved 1048576K
}
Event: 48.936 GC heap after
{Heap after GC invocations=56 (full 3):
 PSYoungGen      total 16384K, used 878K [0x00000000d5580000, 0x00000000d6680000, 0x0000000100000000)
  eden space 15360K, 0% used [0x00000000d5580000,0x00000000d5580000,0x00000000d6480000)
  from space 1024K, 85% used [0x00000000d6480000,0x00000000d655b8c8,0x00000000d6580000)
  to   space 1024K, 0% used [0x00000000d6580000,0x00000000d6580000,0x00000000d6680000)
 ParOldGen       total 68608K, used 55190K [0x0000000080000000, 0x0000000084300000, 0x00000000d5580000)
  object space 68608K, 80% used [0x0000000080000000,0x00000000835e5838,0x0000000084300000)
 Metaspace       used 62453K, committed 63936K, reserved 1114112K
  class space    used 6667K, committed 7296K, reserved 1048576K
}
Event: 49.042 GC heap before
{Heap before GC invocations=57 (full 3):
 PSYoungGen      total 16384K, used 16238K [0x00000000d5580000, 0x00000000d6680000, 0x0000000100000000)
  eden space 15360K, 100% used [0x00000000d5580000,0x00000000d6480000,0x00000000d6480000)
  from space 1024K, 85% used [0x00000000d6480000,0x00000000d655b8c8,0x00000000d6580000)
  to   space 1024K, 0% used [0x00000000d6580000,0x00000000d6580000,0x00000000d6680000)
 ParOldGen       total 68608K, used 55190K [0x0000000080000000, 0x0000000084300000, 0x00000000d5580000)
  object space 68608K, 80% used [0x0000000080000000,0x00000000835e5838,0x0000000084300000)
 Metaspace       used 62644K, committed 64064K, reserved 1114112K
  class space    used 6682K, committed 7296K, reserved 1048576K
}
Event: 49.046 GC heap after
{Heap after GC invocations=57 (full 3):
 PSYoungGen      total 13312K, used 1024K [0x00000000d5580000, 0x00000000d6c80000, 0x0000000100000000)
  eden space 12288K, 0% used [0x00000000d5580000,0x00000000d5580000,0x00000000d6180000)
  from space 1024K, 100% used [0x00000000d6580000,0x00000000d6680000,0x00000000d6680000)
  to   space 4096K, 0% used [0x00000000d6180000,0x00000000d6180000,0x00000000d6580000)
 ParOldGen       total 68608K, used 57546K [0x0000000080000000, 0x0000000084300000, 0x00000000d5580000)
  object space 68608K, 83% used [0x0000000080000000,0x0000000083832a90,0x0000000084300000)
 Metaspace       used 62644K, committed 64064K, reserved 1114112K
  class space    used 6682K, committed 7296K, reserved 1048576K
}
Event: 49.381 GC heap before
{Heap before GC invocations=58 (full 3):
 PSYoungGen      total 13312K, used 13311K [0x00000000d5580000, 0x00000000d6c80000, 0x0000000100000000)
  eden space 12288K, 99% used [0x00000000d5580000,0x00000000d617fc38,0x00000000d6180000)
  from space 1024K, 100% used [0x00000000d6580000,0x00000000d6680000,0x00000000d6680000)
  to   space 4096K, 0% used [0x00000000d6180000,0x00000000d6180000,0x00000000d6580000)
 ParOldGen       total 68608K, used 57546K [0x0000000080000000, 0x0000000084300000, 0x00000000d5580000)
  object space 68608K, 83% used [0x0000000080000000,0x0000000083832a90,0x0000000084300000)
 Metaspace       used 63625K, committed 65088K, reserved 1114112K
  class space    used 6805K, committed 7424K, reserved 1048576K
}
Event: 49.385 GC heap after
{Heap after GC invocations=58 (full 3):
 PSYoungGen      total 13312K, used 608K [0x00000000d5580000, 0x00000000d6600000, 0x0000000100000000)
  eden space 12288K, 0% used [0x00000000d5580000,0x00000000d5580000,0x00000000d6180000)
  from space 1024K, 59% used [0x00000000d6180000,0x00000000d6218020,0x00000000d6280000)
  to   space 2048K, 0% used [0x00000000d6400000,0x00000000d6400000,0x00000000d6600000)
 ParOldGen       total 68608K, used 58570K [0x0000000080000000, 0x0000000084300000, 0x00000000d5580000)
  object space 68608K, 85% used [0x0000000080000000,0x0000000083932aa0,0x0000000084300000)
 Metaspace       used 63625K, committed 65088K, reserved 1114112K
  class space    used 6805K, committed 7424K, reserved 1048576K
}
Event: 49.814 GC heap before
{Heap before GC invocations=59 (full 3):
 PSYoungGen      total 13312K, used 12896K [0x00000000d5580000, 0x00000000d6600000, 0x0000000100000000)
  eden space 12288K, 100% used [0x00000000d5580000,0x00000000d6180000,0x00000000d6180000)
  from space 1024K, 59% used [0x00000000d6180000,0x00000000d6218020,0x00000000d6280000)
  to   space 2048K, 0% used [0x00000000d6400000,0x00000000d6400000,0x00000000d6600000)
 ParOldGen       total 68608K, used 58570K [0x0000000080000000, 0x0000000084300000, 0x00000000d5580000)
  object space 68608K, 85% used [0x0000000080000000,0x0000000083932aa0,0x0000000084300000)
 Metaspace       used 64865K, committed 66304K, reserved 1114112K
  class space    used 6918K, committed 7552K, reserved 1048576K
}
Event: 49.817 GC heap after
{Heap after GC invocations=59 (full 3):
 PSYoungGen      total 13312K, used 576K [0x00000000d5580000, 0x00000000d6500000, 0x0000000100000000)
  eden space 12288K, 0% used [0x00000000d5580000,0x00000000d5580000,0x00000000d6180000)
  from space 1024K, 56% used [0x00000000d6400000,0x00000000d6490000,0x00000000d6500000)
  to   space 1024K, 0% used [0x00000000d6180000,0x00000000d6180000,0x00000000d6280000)
 ParOldGen       total 68608K, used 58967K [0x0000000080000000, 0x0000000084300000, 0x00000000d5580000)
  object space 68608K, 85% used [0x0000000080000000,0x0000000083995cc8,0x0000000084300000)
 Metaspace       used 64865K, committed 66304K, reserved 1114112K
  class space    used 6918K, committed 7552K, reserved 1048576K
}
Event: 49.985 GC heap before
{Heap before GC invocations=60 (full 3):
 PSYoungGen      total 13312K, used 12380K [0x00000000d5580000, 0x00000000d6500000, 0x0000000100000000)
  eden space 12288K, 96% used [0x00000000d5580000,0x00000000d6107070,0x00000000d6180000)
  from space 1024K, 56% used [0x00000000d6400000,0x00000000d6490000,0x00000000d6500000)
  to   space 1024K, 0% used [0x00000000d6180000,0x00000000d6180000,0x00000000d6280000)
 ParOldGen       total 68608K, used 58967K [0x0000000080000000, 0x0000000084300000, 0x00000000d5580000)
  object space 68608K, 85% used [0x0000000080000000,0x0000000083995cc8,0x0000000084300000)
 Metaspace       used 65549K, committed 66944K, reserved 1114112K
  class space    used 6974K, committed 7552K, reserved 1048576K
}
Event: 49.988 GC heap after
{Heap after GC invocations=60 (full 3):
 PSYoungGen      total 13312K, used 1022K [0x00000000d5580000, 0x00000000d6580000, 0x0000000100000000)
  eden space 12288K, 0% used [0x00000000d5580000,0x00000000d5580000,0x00000000d6180000)
  from space 1024K, 99% used [0x00000000d6180000,0x00000000d627fb50,0x00000000d6280000)
  to   space 2048K, 0% used [0x00000000d6380000,0x00000000d6380000,0x00000000d6580000)
 ParOldGen       total 68608K, used 59549K [0x0000000080000000, 0x0000000084300000, 0x00000000d5580000)
  object space 68608K, 86% used [0x0000000080000000,0x0000000083a27628,0x0000000084300000)
 Metaspace       used 65549K, committed 66944K, reserved 1114112K
  class space    used 6974K, committed 7552K, reserved 1048576K
}
Event: 50.180 GC heap before
{Heap before GC invocations=61 (full 3):
 PSYoungGen      total 13312K, used 13310K [0x00000000d5580000, 0x00000000d6580000, 0x0000000100000000)
  eden space 12288K, 100% used [0x00000000d5580000,0x00000000d6180000,0x00000000d6180000)
  from space 1024K, 99% used [0x00000000d6180000,0x00000000d627fb50,0x00000000d6280000)
  to   space 2048K, 0% used [0x00000000d6380000,0x00000000d6380000,0x00000000d6580000)
 ParOldGen       total 68608K, used 59549K [0x0000000080000000, 0x0000000084300000, 0x00000000d5580000)
  object space 68608K, 86% used [0x0000000080000000,0x0000000083a27628,0x0000000084300000)
 Metaspace       used 65813K, committed 67264K, reserved 1114112K
  class space    used 7008K, committed 7616K, reserved 1048576K
}
Event: 50.187 GC heap after
{Heap after GC invocations=61 (full 3):
 PSYoungGen      total 14336K, used 1514K [0x00000000d5580000, 0x00000000d6580000, 0x0000000100000000)
  eden space 12288K, 0% used [0x00000000d5580000,0x00000000d5580000,0x00000000d6180000)
  from space 2048K, 73% used [0x00000000d6380000,0x00000000d64fa858,0x00000000d6580000)
  to   space 2048K, 0% used [0x00000000d6180000,0x00000000d6180000,0x00000000d6380000)
 ParOldGen       total 68608K, used 60551K [0x0000000080000000, 0x0000000084300000, 0x00000000d5580000)
  object space 68608K, 88% used [0x0000000080000000,0x0000000083b21d58,0x0000000084300000)
 Metaspace       used 65813K, committed 67264K, reserved 1114112K
  class space    used 7008K, committed 7616K, reserved 1048576K
}

