# JRE version: OpenJDK Runtime Environment Temurin-21.0.11+10 (21.0.11+10) (build 21.0.11+10-LTS)
# Java VM: OpenJDK 64-Bit Server VM Temurin-21.0.11+10 (21.0.11+10-LTS, mixed mode, sharing, tiered, compressed oops, compressed class ptrs, parallel gc, windows-amd64)
GC Precious Log:
 CardTable entry size: 512
 CPUs: 8 total, 8 available
 Memory: 7936M
 Large Page Support: Disabled
 NUMA Support: Disabled
 Compressed Oops: Enabled (32-bit)
 Alignments: Space 512K, Generation 512K, Heap 2M
 Heap Min Capacity: 100M
 Heap Initial Capacity: 100M
 Heap Max Capacity: 2G
 Pre-touch: Disabled
 Parallel Workers: 8
Heap:
 PSYoungGen      total 19968K, used 18209K [0x00000000d5580000, 0x00000000d6a80000, 0x0000000100000000)
  eden space 18944K, 91% used [0x00000000d5580000,0x00000000d66685f8,0x00000000d6800000)
  from space 1024K, 87% used [0x00000000d6880000,0x00000000d6960000,0x00000000d6980000)
  to   space 1024K, 0% used [0x00000000d6980000,0x00000000d6980000,0x00000000d6a80000)
 ParOldGen       total 68608K, used 41925K [0x0000000080000000, 0x0000000084300000, 0x00000000d5580000)
  object space 68608K, 61% used [0x0000000080000000,0x00000000828f16a0,0x0000000084300000)
 Metaspace       used 51185K, committed 52480K, reserved 1114112K
  class space    used 5084K, committed 5632K, reserved 1048576K
GC Heap History (20 events):
Event: 128.594 GC heap before
{Heap before GC invocations=34 (full 2):
 PSYoungGen      total 22528K, used 22516K [0x00000000d5580000, 0x00000000d7080000, 0x0000000100000000)
  eden space 20480K, 99% used [0x00000000d5580000,0x00000000d697e1a0,0x00000000d6980000)
  from space 2048K, 99% used [0x00000000d6980000,0x00000000d6b7efb8,0x00000000d6b80000)
  to   space 3584K, 0% used [0x00000000d6d00000,0x00000000d6d00000,0x00000000d7080000)
 ParOldGen       total 68608K, used 37374K [0x0000000080000000, 0x0000000084300000, 0x00000000d5580000)
  object space 68608K, 54% used [0x0000000080000000,0x000000008247fac8,0x0000000084300000)
 Metaspace       used 47816K, committed 49024K, reserved 1114112K
  class space    used 4748K, committed 5248K, reserved 1048576K
}
Event: 128.597 GC heap after
{Heap after GC invocations=34 (full 2):
 PSYoungGen      total 22528K, used 3581K [0x00000000d5580000, 0x00000000d7380000, 0x0000000100000000)
  eden space 18944K, 0% used [0x00000000d5580000,0x00000000d5580000,0x00000000d6800000)
  from space 3584K, 99% used [0x00000000d6d00000,0x00000000d707f5e8,0x00000000d7080000)
  to   space 5120K, 0% used [0x00000000d6800000,0x00000000d6800000,0x00000000d6d00000)
 ParOldGen       total 68608K, used 38496K [0x0000000080000000, 0x0000000084300000, 0x00000000d5580000)
  object space 68608K, 56% used [0x0000000080000000,0x0000000082598388,0x0000000084300000)
 Metaspace       used 47816K, committed 49024K, reserved 1114112K
  class space    used 4748K, committed 5248K, reserved 1048576K
}
Event: 128.699 GC heap before
{Heap before GC invocations=35 (full 2):
 PSYoungGen      total 22528K, used 21935K [0x00000000d5580000, 0x00000000d7380000, 0x0000000100000000)
  eden space 18944K, 96% used [0x00000000d5580000,0x00000000d676c618,0x00000000d6800000)
  from space 3584K, 99% used [0x00000000d6d00000,0x00000000d707f5e8,0x00000000d7080000)
  to   space 5120K, 0% used [0x00000000d6800000,0x00000000d6800000,0x00000000d6d00000)
 ParOldGen       total 68608K, used 38496K [0x0000000080000000, 0x0000000084300000, 0x00000000d5580000)
  object space 68608K, 56% used [0x0000000080000000,0x0000000082598388,0x0000000084300000)
 Metaspace       used 47849K, committed 49024K, reserved 1114112K
  class space    used 4748K, committed 5248K, reserved 1048576K
}
Event: 128.702 GC heap after
{Heap after GC invocations=35 (full 2):
 PSYoungGen      total 19456K, used 424K [0x00000000d5580000, 0x00000000d6d80000, 0x0000000100000000)
  eden space 18944K, 0% used [0x00000000d5580000,0x00000000d5580000,0x00000000d6800000)
  from space 512K, 83% used [0x00000000d6800000,0x00000000d686a3e8,0x00000000d6880000)
  to   space 2048K, 0% used [0x00000000d6b80000,0x00000000d6b80000,0x00000000d6d80000)
 ParOldGen       total 68608K, used 40140K [0x0000000080000000, 0x0000000084300000, 0x00000000d5580000)
  object space 68608K, 58% used [0x0000000080000000,0x0000000082733060,0x0000000084300000)
 Metaspace       used 47849K, committed 49024K, reserved 1114112K
  class space    used 4748K, committed 5248K, reserved 1048576K
}
Event: 128.806 GC heap before
{Heap before GC invocations=36 (full 2):
 PSYoungGen      total 19456K, used 19213K [0x00000000d5580000, 0x00000000d6d80000, 0x0000000100000000)
  eden space 18944K, 99% used [0x00000000d5580000,0x00000000d67d9038,0x00000000d6800000)
  from space 512K, 83% used [0x00000000d6800000,0x00000000d686a3e8,0x00000000d6880000)
  to   space 2048K, 0% used [0x00000000d6b80000,0x00000000d6b80000,0x00000000d6d80000)
 ParOldGen       total 68608K, used 40140K [0x0000000080000000, 0x0000000084300000, 0x00000000d5580000)
  object space 68608K, 58% used [0x0000000080000000,0x0000000082733060,0x0000000084300000)
 Metaspace       used 47896K, committed 49088K, reserved 1114112K
  class space    used 4748K, committed 5248K, reserved 1048576K
}
Event: 128.807 GC heap after
{Heap after GC invocations=36 (full 2):
 PSYoungGen      total 20992K, used 2034K [0x00000000d5580000, 0x00000000d6d80000, 0x0000000100000000)
  eden space 18944K, 0% used [0x00000000d5580000,0x00000000d5580000,0x00000000d6800000)
  from space 2048K, 99% used [0x00000000d6b80000,0x00000000d6d7c9e8,0x00000000d6d80000)
  to   space 2560K, 0% used [0x00000000d6880000,0x00000000d6880000,0x00000000d6b00000)
 ParOldGen       total 68608K, used 40290K [0x0000000080000000, 0x0000000084300000, 0x00000000d5580000)
  object space 68608K, 58% used [0x0000000080000000,0x0000000082758be8,0x0000000084300000)
 Metaspace       used 47896K, committed 49088K, reserved 1114112K
  class space    used 4748K, committed 5248K, reserved 1048576K
}
Event: 128.850 GC heap before
{Heap before GC invocations=37 (full 2):
 PSYoungGen      total 20992K, used 20978K [0x00000000d5580000, 0x00000000d6d80000, 0x0000000100000000)
  eden space 18944K, 100% used [0x00000000d5580000,0x00000000d6800000,0x00000000d6800000)
  from space 2048K, 99% used [0x00000000d6b80000,0x00000000d6d7c9e8,0x00000000d6d80000)
  to   space 2560K, 0% used [0x00000000d6880000,0x00000000d6880000,0x00000000d6b00000)
 ParOldGen       total 68608K, used 40290K [0x0000000080000000, 0x0000000084300000, 0x00000000d5580000)
  object space 68608K, 58% used [0x0000000080000000,0x0000000082758be8,0x0000000084300000)
 Metaspace       used 47938K, committed 49152K, reserved 1114112K
  class space    used 4748K, committed 5248K, reserved 1048576K
}
Event: 128.852 GC heap after
{Heap after GC invocations=37 (full 2):
 PSYoungGen      total 19968K, used 991K [0x00000000d5580000, 0x00000000d6c00000, 0x0000000100000000)
  eden space 18944K, 0% used [0x00000000d5580000,0x00000000d5580000,0x00000000d6800000)
  from space 1024K, 96% used [0x00000000d6880000,0x00000000d6977ed8,0x00000000d6980000)
  to   space 1536K, 0% used [0x00000000d6a80000,0x00000000d6a80000,0x00000000d6c00000)
 ParOldGen       total 68608K, used 40492K [0x0000000080000000, 0x0000000084300000, 0x00000000d5580000)
  object space 68608K, 59% used [0x0000000080000000,0x000000008278b008,0x0000000084300000)
 Metaspace       used 47938K, committed 49152K, reserved 1114112K
  class space    used 4748K, committed 5248K, reserved 1048576K
}
Event: 128.924 GC heap before
{Heap before GC invocations=38 (full 2):
 PSYoungGen      total 19968K, used 19935K [0x00000000d5580000, 0x00000000d6c00000, 0x0000000100000000)
  eden space 18944K, 100% used [0x00000000d5580000,0x00000000d6800000,0x00000000d6800000)
  from space 1024K, 96% used [0x00000000d6880000,0x00000000d6977ed8,0x00000000d6980000)
  to   space 1536K, 0% used [0x00000000d6a80000,0x00000000d6a80000,0x00000000d6c00000)
 ParOldGen       total 68608K, used 40492K [0x0000000080000000, 0x0000000084300000, 0x00000000d5580000)
  object space 68608K, 59% used [0x0000000080000000,0x000000008278b008,0x0000000084300000)
 Metaspace       used 48173K, committed 49408K, reserved 1114112K
  class space    used 4775K, committed 5312K, reserved 1048576K
}
Event: 128.926 GC heap after
{Heap after GC invocations=38 (full 2):
 PSYoungGen      total 19968K, used 839K [0x00000000d5580000, 0x00000000d6b80000, 0x0000000100000000)
  eden space 18944K, 0% used [0x00000000d5580000,0x00000000d5580000,0x00000000d6800000)
  from space 1024K, 81% used [0x00000000d6a80000,0x00000000d6b51ca8,0x00000000d6b80000)
  to   space 1024K, 0% used [0x00000000d6880000,0x00000000d6880000,0x00000000d6980000)
 ParOldGen       total 68608K, used 40635K [0x0000000080000000, 0x0000000084300000, 0x00000000d5580000)
  object space 68608K, 59% used [0x0000000080000000,0x00000000827aeea8,0x0000000084300000)
 Metaspace       used 48173K, committed 49408K, reserved 1114112K
  class space    used 4775K, committed 5312K, reserved 1048576K
}
Event: 128.996 GC heap before
{Heap before GC invocations=39 (full 2):
 PSYoungGen      total 19968K, used 18437K [0x00000000d5580000, 0x00000000d6b80000, 0x0000000100000000)
  eden space 18944K, 92% used [0x00000000d5580000,0x00000000d66af878,0x00000000d6800000)
  from space 1024K, 81% used [0x00000000d6a80000,0x00000000d6b51ca8,0x00000000d6b80000)
  to   space 1024K, 0% used [0x00000000d6880000,0x00000000d6880000,0x00000000d6980000)
 ParOldGen       total 68608K, used 40635K [0x0000000080000000, 0x0000000084300000, 0x00000000d5580000)
  object space 68608K, 59% used [0x0000000080000000,0x00000000827aeea8,0x0000000084300000)
 Metaspace       used 48579K, committed 49792K, reserved 1114112K
  class space    used 4839K, committed 5376K, reserved 1048576K
}
Event: 128.997 GC heap after
{Heap after GC invocations=39 (full 2):
 PSYoungGen      total 19968K, used 479K [0x00000000d5580000, 0x00000000d6b00000, 0x0000000100000000)
  eden space 18944K, 0% used [0x00000000d5580000,0x00000000d5580000,0x00000000d6800000)
  from space 1024K, 46% used [0x00000000d6880000,0x00000000d68f7c48,0x00000000d6980000)
  to   space 1024K, 0% used [0x00000000d6a00000,0x00000000d6a00000,0x00000000d6b00000)
 ParOldGen       total 68608K, used 40816K [0x0000000080000000, 0x0000000084300000, 0x00000000d5580000)
  object space 68608K, 59% used [0x0000000080000000,0x00000000827dc278,0x0000000084300000)
 Metaspace       used 48579K, committed 49792K, reserved 1114112K
  class space    used 4839K, committed 5376K, reserved 1048576K
}
Event: 129.206 GC heap before
{Heap before GC invocations=40 (full 2):
 PSYoungGen      total 19968K, used 19423K [0x00000000d5580000, 0x00000000d6b00000, 0x0000000100000000)
  eden space 18944K, 100% used [0x00000000d5580000,0x00000000d6800000,0x00000000d6800000)
  from space 1024K, 46% used [0x00000000d6880000,0x00000000d68f7c48,0x00000000d6980000)
  to   space 1024K, 0% used [0x00000000d6a00000,0x00000000d6a00000,0x00000000d6b00000)
 ParOldGen       total 68608K, used 40816K [0x0000000080000000, 0x0000000084300000, 0x00000000d5580000)
  object space 68608K, 59% used [0x0000000080000000,0x00000000827dc278,0x0000000084300000)
 Metaspace       used 49837K, committed 51008K, reserved 1114112K
  class space    used 5018K, committed 5568K, reserved 1048576K
}
Event: 129.207 GC heap after
{Heap after GC invocations=40 (full 2):
 PSYoungGen      total 19456K, used 448K [0x00000000d5580000, 0x00000000d6a80000, 0x0000000100000000)
  eden space 18944K, 0% used [0x00000000d5580000,0x00000000d5580000,0x00000000d6800000)
  from space 512K, 87% used [0x00000000d6a00000,0x00000000d6a70000,0x00000000d6a80000)
  to   space 512K, 0% used [0x00000000d6980000,0x00000000d6980000,0x00000000d6a00000)
 ParOldGen       total 68608K, used 41104K [0x0000000080000000, 0x0000000084300000, 0x00000000d5580000)
  object space 68608K, 59% used [0x0000000080000000,0x00000000828243e0,0x0000000084300000)
 Metaspace       used 49837K, committed 51008K, reserved 1114112K
  class space    used 5018K, committed 5568K, reserved 1048576K
}
Event: 149.692 GC heap before
{Heap before GC invocations=41 (full 2):
 PSYoungGen      total 19456K, used 19392K [0x00000000d5580000, 0x00000000d6a80000, 0x0000000100000000)
  eden space 18944K, 100% used [0x00000000d5580000,0x00000000d6800000,0x00000000d6800000)
  from space 512K, 87% used [0x00000000d6a00000,0x00000000d6a70000,0x00000000d6a80000)
  to   space 512K, 0% used [0x00000000d6980000,0x00000000d6980000,0x00000000d6a00000)
 ParOldGen       total 68608K, used 41104K [0x0000000080000000, 0x0000000084300000, 0x00000000d5580000)
  object space 68608K, 59% used [0x0000000080000000,0x00000000828243e0,0x0000000084300000)
 Metaspace       used 50432K, committed 51712K, reserved 1114112K
  class space    used 5069K, committed 5632K, reserved 1048576K
}
Event: 149.694 GC heap after
{Heap after GC invocations=41 (full 2):
 PSYoungGen      total 19456K, used 480K [0x00000000d5580000, 0x00000000d6a80000, 0x0000000100000000)
  eden space 18944K, 0% used [0x00000000d5580000,0x00000000d5580000,0x00000000d6800000)
  from space 512K, 93% used [0x00000000d6980000,0x00000000d69f8020,0x00000000d6a00000)
  to   space 512K, 0% used [0x00000000d6a00000,0x00000000d6a00000,0x00000000d6a80000)
 ParOldGen       total 68608K, used 41441K [0x0000000080000000, 0x0000000084300000, 0x00000000d5580000)
  object space 68608K, 60% used [0x0000000080000000,0x00000000828787f0,0x0000000084300000)
 Metaspace       used 50432K, committed 51712K, reserved 1114112K
  class space    used 5069K, committed 5632K, reserved 1048576K
}
Event: 159.851 GC heap before
{Heap before GC invocations=42 (full 2):
 PSYoungGen      total 19456K, used 19424K [0x00000000d5580000, 0x00000000d6a80000, 0x0000000100000000)
  eden space 18944K, 100% used [0x00000000d5580000,0x00000000d6800000,0x00000000d6800000)
  from space 512K, 93% used [0x00000000d6980000,0x00000000d69f8020,0x00000000d6a00000)
  to   space 512K, 0% used [0x00000000d6a00000,0x00000000d6a00000,0x00000000d6a80000)
 ParOldGen       total 68608K, used 41441K [0x0000000080000000, 0x0000000084300000, 0x00000000d5580000)
  object space 68608K, 60% used [0x0000000080000000,0x00000000828787f0,0x0000000084300000)
 Metaspace       used 50635K, committed 51840K, reserved 1114112K
  class space    used 5076K, committed 5632K, reserved 1048576K
}
Event: 159.855 GC heap after
{Heap after GC invocations=42 (full 2):
 PSYoungGen      total 19456K, used 384K [0x00000000d5580000, 0x00000000d6a80000, 0x0000000100000000)
  eden space 18944K, 0% used [0x00000000d5580000,0x00000000d5580000,0x00000000d6800000)
  from space 512K, 75% used [0x00000000d6a00000,0x00000000d6a60000,0x00000000d6a80000)
  to   space 1024K, 0% used [0x00000000d6880000,0x00000000d6880000,0x00000000d6980000)
 ParOldGen       total 68608K, used 41735K [0x0000000080000000, 0x0000000084300000, 0x00000000d5580000)
  object space 68608K, 60% used [0x0000000080000000,0x00000000828c1c80,0x0000000084300000)
 Metaspace       used 50635K, committed 51840K, reserved 1114112K
  class space    used 5076K, committed 5632K, reserved 1048576K
}
Event: 174.140 GC heap before
{Heap before GC invocations=43 (full 2):
 PSYoungGen      total 19456K, used 19328K [0x00000000d5580000, 0x00000000d6a80000, 0x0000000100000000)
  eden space 18944K, 100% used [0x00000000d5580000,0x00000000d6800000,0x00000000d6800000)
  from space 512K, 75% used [0x00000000d6a00000,0x00000000d6a60000,0x00000000d6a80000)
  to   space 1024K, 0% used [0x00000000d6880000,0x00000000d6880000,0x00000000d6980000)
 ParOldGen       total 68608K, used 41735K [0x0000000080000000, 0x0000000084300000, 0x00000000d5580000)
  object space 68608K, 60% used [0x0000000080000000,0x00000000828c1c80,0x0000000084300000)
 Metaspace       used 50925K, committed 52224K, reserved 1114112K
  class space    used 5080K, committed 5632K, reserved 1048576K
}
Event: 174.143 GC heap after
{Heap after GC invocations=43 (full 2):
 PSYoungGen      total 19968K, used 896K [0x00000000d5580000, 0x00000000d6a80000, 0x0000000100000000)
  eden space 18944K, 0% used [0x00000000d5580000,0x00000000d5580000,0x00000000d6800000)
  from space 1024K, 87% used [0x00000000d6880000,0x00000000d6960000,0x00000000d6980000)
  to   space 1024K, 0% used [0x00000000d6980000,0x00000000d6980000,0x00000000d6a80000)
 ParOldGen       total 68608K, used 41925K [0x0000000080000000, 0x0000000084300000, 0x00000000d5580000)
  object space 68608K, 61% used [0x0000000080000000,0x00000000828f16a0,0x0000000084300000)
 Metaspace       used 50925K, committed 52224K, reserved 1114112K
  class space    used 5080K, committed 5632K, reserved 1048576K
}

